[1.142s] Invoking command in '/home/soo/turtlebot3_ws/src/my_package': PYTHONPATH=/home/soo/turtlebot3_ws/build/my_package/prefix_override:/usr/lib/python3/dist-packages/colcon_core/task/python/colcon_distutils_commands:/home/soo/turtlebot3_ws/install/my_package/lib/python3.10/site-packages:${PYTHONPATH} /usr/bin/python3 -W ignore:setup.py install is deprecated -W ignore:easy_install command is deprecated setup.py egg_info --egg-base ../../build/my_package build --build-base /home/soo/turtlebot3_ws/build/my_package/build install --record /home/soo/turtlebot3_ws/build/my_package/install.log --single-version-externally-managed install_data
[1.509s] running egg_info
[1.513s] writing ../../build/my_package/my_package.egg-info/PKG-INFO
[1.513s] writing dependency_links to ../../build/my_package/my_package.egg-info/dependency_links.txt
[1.513s] writing entry points to ../../build/my_package/my_package.egg-info/entry_points.txt
[1.514s] writing requirements to ../../build/my_package/my_package.egg-info/requires.txt
[1.514s] writing top-level names to ../../build/my_package/my_package.egg-info/top_level.txt
[1.516s] reading manifest file '../../build/my_package/my_package.egg-info/SOURCES.txt'
[1.517s] writing manifest file '../../build/my_package/my_package.egg-info/SOURCES.txt'
[1.517s] running build
[1.517s] running build_py
[1.517s] copying my_package/gazebo_follow_yolo_pub.py -> /home/soo/turtlebot3_ws/build/my_package/build/lib/my_package
[1.518s] running install
[1.518s] running install_lib
[1.522s] copying /home/soo/turtlebot3_ws/build/my_package/build/lib/my_package/gazebo_follow_yolo_pub.py -> /home/soo/turtlebot3_ws/install/my_package/lib/python3.10/site-packages/my_package
[1.523s] byte-compiling /home/soo/turtlebot3_ws/install/my_package/lib/python3.10/site-packages/my_package/gazebo_follow_yolo_pub.py to gazebo_follow_yolo_pub.cpython-310.pyc
[1.525s] running install_data
[1.526s] running install_egg_info
[1.528s] removing '/home/soo/turtlebot3_ws/install/my_package/lib/python3.10/site-packages/my_package-0.0.0-py3.10.egg-info' (and everything under it)
[1.528s] Copying ../../build/my_package/my_package.egg-info to /home/soo/turtlebot3_ws/install/my_package/lib/python3.10/site-packages/my_package-0.0.0-py3.10.egg-info
[1.529s] running install_scripts
[1.560s] Installing capture_image script to /home/soo/turtlebot3_ws/install/my_package/lib/my_package
[1.560s] Installing flask script to /home/soo/turtlebot3_ws/install/my_package/lib/my_package
[1.561s] Installing yolo script to /home/soo/turtlebot3_ws/install/my_package/lib/my_package
[1.561s] writing list of installed files to '/home/soo/turtlebot3_ws/build/my_package/install.log'
[1.605s] Invoked command in '/home/soo/turtlebot3_ws/src/my_package' returned '0': PYTHONPATH=/home/soo/turtlebot3_ws/build/my_package/prefix_override:/usr/lib/python3/dist-packages/colcon_core/task/python/colcon_distutils_commands:/home/soo/turtlebot3_ws/install/my_package/lib/python3.10/site-packages:${PYTHONPATH} /usr/bin/python3 -W ignore:setup.py install is deprecated -W ignore:easy_install command is deprecated setup.py egg_info --egg-base ../../build/my_package build --build-base /home/soo/turtlebot3_ws/build/my_package/build install --record /home/soo/turtlebot3_ws/build/my_package/install.log --single-version-externally-managed install_data
