[0.010s] Invoking command in '/home/soo/turtlebot3_ws/build/turtlebot3_bringup': CMAKE_PREFIX_PATH=/home/soo/turtlebot3_ws/install/turtlebot3_node:/home/soo/turtlebot3_ws/install/turtlebot3_msgs:/home/soo/turtlebot3_ws/install/turtlebot3_description:/home/soo/turtlebot3_ws/install/turtlebot3:/home/soo/turtlebot3_ws/install/turtlebot3_simulations:/home/soo/turtlebot3_ws/install/turtlebot3_bringup:/home/soo/turtlebot3_ws/install/turtlebot3_navigation2:/home/soo/turtlebot3_ws/install/turtlebot3_fake_node:/home/soo/turtlebot3_ws/install/turtlebot3_gazebo:/home/soo/turtlebot3_ws/install/turtlebot3_cartographer:/home/soo/turtlebot3_ws/install/turtlebot3_teleop:/home/soo/turtlebot3_ws/install/turtlebot3_example:/home/soo/turtlebot3_ws/install/my_package:/opt/ros/humble LD_LIBRARY_PATH=/home/soo/turtlebot3_ws/install/turtlebot3_msgs/lib:/usr/lib/x86_64-linux-gnu/gazebo-11/plugins:/opt/ros/humble/opt/rviz_ogre_vendor/lib:/opt/ros/humble/lib/x86_64-linux-gnu:/opt/ros/humble/lib:/usr/lib/x86_64-linux-gnu/gazebo-11/plugins /usr/bin/cmake --build /home/soo/turtlebot3_ws/build/turtlebot3_bringup -- -j16 -l16
[0.041s] Invoked command in '/home/soo/turtlebot3_ws/build/turtlebot3_bringup' returned '0': CMAKE_PREFIX_PATH=/home/soo/turtlebot3_ws/install/turtlebot3_node:/home/soo/turtlebot3_ws/install/turtlebot3_msgs:/home/soo/turtlebot3_ws/install/turtlebot3_description:/home/soo/turtlebot3_ws/install/turtlebot3:/home/soo/turtlebot3_ws/install/turtlebot3_simulations:/home/soo/turtlebot3_ws/install/turtlebot3_bringup:/home/soo/turtlebot3_ws/install/turtlebot3_navigation2:/home/soo/turtlebot3_ws/install/turtlebot3_fake_node:/home/soo/turtlebot3_ws/install/turtlebot3_gazebo:/home/soo/turtlebot3_ws/install/turtlebot3_cartographer:/home/soo/turtlebot3_ws/install/turtlebot3_teleop:/home/soo/turtlebot3_ws/install/turtlebot3_example:/home/soo/turtlebot3_ws/install/my_package:/opt/ros/humble LD_LIBRARY_PATH=/home/soo/turtlebot3_ws/install/turtlebot3_msgs/lib:/usr/lib/x86_64-linux-gnu/gazebo-11/plugins:/opt/ros/humble/opt/rviz_ogre_vendor/lib:/opt/ros/humble/lib/x86_64-linux-gnu:/opt/ros/humble/lib:/usr/lib/x86_64-linux-gnu/gazebo-11/plugins /usr/bin/cmake --build /home/soo/turtlebot3_ws/build/turtlebot3_bringup -- -j16 -l16
[0.044s] Invoking command in '/home/soo/turtlebot3_ws/build/turtlebot3_bringup': CMAKE_PREFIX_PATH=/home/soo/turtlebot3_ws/install/turtlebot3_node:/home/soo/turtlebot3_ws/install/turtlebot3_msgs:/home/soo/turtlebot3_ws/install/turtlebot3_description:/home/soo/turtlebot3_ws/install/turtlebot3:/home/soo/turtlebot3_ws/install/turtlebot3_simulations:/home/soo/turtlebot3_ws/install/turtlebot3_bringup:/home/soo/turtlebot3_ws/install/turtlebot3_navigation2:/home/soo/turtlebot3_ws/install/turtlebot3_fake_node:/home/soo/turtlebot3_ws/install/turtlebot3_gazebo:/home/soo/turtlebot3_ws/install/turtlebot3_cartographer:/home/soo/turtlebot3_ws/install/turtlebot3_teleop:/home/soo/turtlebot3_ws/install/turtlebot3_example:/home/soo/turtlebot3_ws/install/my_package:/opt/ros/humble LD_LIBRARY_PATH=/home/soo/turtlebot3_ws/install/turtlebot3_msgs/lib:/usr/lib/x86_64-linux-gnu/gazebo-11/plugins:/opt/ros/humble/opt/rviz_ogre_vendor/lib:/opt/ros/humble/lib/x86_64-linux-gnu:/opt/ros/humble/lib:/usr/lib/x86_64-linux-gnu/gazebo-11/plugins /usr/bin/cmake --install /home/soo/turtlebot3_ws/build/turtlebot3_bringup
[0.051s] -- Install configuration: ""
[0.051s] -- Up-to-date: /home/soo/turtlebot3_ws/install/turtlebot3_bringup/share/turtlebot3_bringup/launch
[0.051s] -- Up-to-date: /home/soo/turtlebot3_ws/install/turtlebot3_bringup/share/turtlebot3_bringup/launch/rviz2.launch.py
[0.051s] -- Up-to-date: /home/soo/turtlebot3_ws/install/turtlebot3_bringup/share/turtlebot3_bringup/launch/turtlebot3_state_publisher.launch.py
[0.051s] -- Up-to-date: /home/soo/turtlebot3_ws/install/turtlebot3_bringup/share/turtlebot3_bringup/launch/robot.launch.py
[0.051s] -- Up-to-date: /home/soo/turtlebot3_ws/install/turtlebot3_bringup/share/turtlebot3_bringup/param
[0.051s] -- Up-to-date: /home/soo/turtlebot3_ws/install/turtlebot3_bringup/share/turtlebot3_bringup/param/waffle_pi.yaml
[0.051s] -- Up-to-date: /home/soo/turtlebot3_ws/install/turtlebot3_bringup/share/turtlebot3_bringup/param/waffle.yaml
[0.051s] -- Up-to-date: /home/soo/turtlebot3_ws/install/turtlebot3_bringup/share/turtlebot3_bringup/param/burger.yaml
[0.051s] -- Up-to-date: /home/soo/turtlebot3_ws/install/turtlebot3_bringup/share/turtlebot3_bringup/script
[0.051s] -- Up-to-date: /home/soo/turtlebot3_ws/install/turtlebot3_bringup/share/turtlebot3_bringup/script/99-turtlebot3-cdc.rules
[0.051s] -- Up-to-date: /home/soo/turtlebot3_ws/install/turtlebot3_bringup/share/turtlebot3_bringup/script/create_udev_rules
[0.052s] -- Up-to-date: /home/soo/turtlebot3_ws/install/turtlebot3_bringup/share/ament_index/resource_index/package_run_dependencies/turtlebot3_bringup
[0.052s] -- Up-to-date: /home/soo/turtlebot3_ws/install/turtlebot3_bringup/share/ament_index/resource_index/parent_prefix_path/turtlebot3_bringup
[0.052s] -- Up-to-date: /home/soo/turtlebot3_ws/install/turtlebot3_bringup/share/turtlebot3_bringup/environment/ament_prefix_path.sh
[0.052s] -- Up-to-date: /home/soo/turtlebot3_ws/install/turtlebot3_bringup/share/turtlebot3_bringup/environment/ament_prefix_path.dsv
[0.052s] -- Up-to-date: /home/soo/turtlebot3_ws/install/turtlebot3_bringup/share/turtlebot3_bringup/environment/path.sh
[0.052s] -- Up-to-date: /home/soo/turtlebot3_ws/install/turtlebot3_bringup/share/turtlebot3_bringup/environment/path.dsv
[0.052s] -- Up-to-date: /home/soo/turtlebot3_ws/install/turtlebot3_bringup/share/turtlebot3_bringup/local_setup.bash
[0.052s] -- Up-to-date: /home/soo/turtlebot3_ws/install/turtlebot3_bringup/share/turtlebot3_bringup/local_setup.sh
[0.052s] -- Up-to-date: /home/soo/turtlebot3_ws/install/turtlebot3_bringup/share/turtlebot3_bringup/local_setup.zsh
[0.052s] -- Up-to-date: /home/soo/turtlebot3_ws/install/turtlebot3_bringup/share/turtlebot3_bringup/local_setup.dsv
[0.052s] -- Up-to-date: /home/soo/turtlebot3_ws/install/turtlebot3_bringup/share/turtlebot3_bringup/package.dsv
[0.052s] -- Up-to-date: /home/soo/turtlebot3_ws/install/turtlebot3_bringup/share/ament_index/resource_index/packages/turtlebot3_bringup
[0.052s] -- Up-to-date: /home/soo/turtlebot3_ws/install/turtlebot3_bringup/share/turtlebot3_bringup/cmake/turtlebot3_bringupConfig.cmake
[0.052s] -- Up-to-date: /home/soo/turtlebot3_ws/install/turtlebot3_bringup/share/turtlebot3_bringup/cmake/turtlebot3_bringupConfig-version.cmake
[0.052s] -- Up-to-date: /home/soo/turtlebot3_ws/install/turtlebot3_bringup/share/turtlebot3_bringup/package.xml
[0.062s] Invoked command in '/home/soo/turtlebot3_ws/build/turtlebot3_bringup' returned '0': CMAKE_PREFIX_PATH=/home/soo/turtlebot3_ws/install/turtlebot3_node:/home/soo/turtlebot3_ws/install/turtlebot3_msgs:/home/soo/turtlebot3_ws/install/turtlebot3_description:/home/soo/turtlebot3_ws/install/turtlebot3:/home/soo/turtlebot3_ws/install/turtlebot3_simulations:/home/soo/turtlebot3_ws/install/turtlebot3_bringup:/home/soo/turtlebot3_ws/install/turtlebot3_navigation2:/home/soo/turtlebot3_ws/install/turtlebot3_fake_node:/home/soo/turtlebot3_ws/install/turtlebot3_gazebo:/home/soo/turtlebot3_ws/install/turtlebot3_cartographer:/home/soo/turtlebot3_ws/install/turtlebot3_teleop:/home/soo/turtlebot3_ws/install/turtlebot3_example:/home/soo/turtlebot3_ws/install/my_package:/opt/ros/humble LD_LIBRARY_PATH=/home/soo/turtlebot3_ws/install/turtlebot3_msgs/lib:/usr/lib/x86_64-linux-gnu/gazebo-11/plugins:/opt/ros/humble/opt/rviz_ogre_vendor/lib:/opt/ros/humble/lib/x86_64-linux-gnu:/opt/ros/humble/lib:/usr/lib/x86_64-linux-gnu/gazebo-11/plugins /usr/bin/cmake --install /home/soo/turtlebot3_ws/build/turtlebot3_bringup
