[0.926s] Invoking command in '/home/soo/turtlebot3_ws/src/turtlebot3/turtlebot3_teleop': PYTHONPATH=/home/soo/turtlebot3_ws/build/turtlebot3_teleop/prefix_override:/usr/lib/python3/dist-packages/colcon_core/task/python/colcon_distutils_commands:/home/soo/turtlebot3_ws/install/turtlebot3_teleop/lib/python3.10/site-packages:${PYTHONPATH} /usr/bin/python3 -W ignore:setup.py install is deprecated -W ignore:easy_install command is deprecated setup.py egg_info --egg-base ../../../build/turtlebot3_teleop build --build-base /home/soo/turtlebot3_ws/build/turtlebot3_teleop/build install --record /home/soo/turtlebot3_ws/build/turtlebot3_teleop/install.log --single-version-externally-managed install_data
[1.166s] running egg_info
[1.167s] writing ../../../build/turtlebot3_teleop/turtlebot3_teleop.egg-info/PKG-INFO
[1.168s] writing dependency_links to ../../../build/turtlebot3_teleop/turtlebot3_teleop.egg-info/dependency_links.txt
[1.168s] writing entry points to ../../../build/turtlebot3_teleop/turtlebot3_teleop.egg-info/entry_points.txt
[1.168s] writing requirements to ../../../build/turtlebot3_teleop/turtlebot3_teleop.egg-info/requires.txt
[1.168s] writing top-level names to ../../../build/turtlebot3_teleop/turtlebot3_teleop.egg-info/top_level.txt
[1.170s] reading manifest file '../../../build/turtlebot3_teleop/turtlebot3_teleop.egg-info/SOURCES.txt'
[1.171s] writing manifest file '../../../build/turtlebot3_teleop/turtlebot3_teleop.egg-info/SOURCES.txt'
[1.171s] running build
[1.171s] running build_py
[1.171s] running install
[1.172s] running install_lib
[1.173s] running install_data
[1.174s] running install_egg_info
[1.175s] removing '/home/soo/turtlebot3_ws/install/turtlebot3_teleop/lib/python3.10/site-packages/turtlebot3_teleop-2.2.0-py3.10.egg-info' (and everything under it)
[1.175s] Copying ../../../build/turtlebot3_teleop/turtlebot3_teleop.egg-info to /home/soo/turtlebot3_ws/install/turtlebot3_teleop/lib/python3.10/site-packages/turtlebot3_teleop-2.2.0-py3.10.egg-info
[1.176s] running install_scripts
[1.194s] Installing teleop_keyboard script to /home/soo/turtlebot3_ws/install/turtlebot3_teleop/lib/turtlebot3_teleop
[1.195s] writing list of installed files to '/home/soo/turtlebot3_ws/build/turtlebot3_teleop/install.log'
[1.218s] Invoked command in '/home/soo/turtlebot3_ws/src/turtlebot3/turtlebot3_teleop' returned '0': PYTHONPATH=/home/soo/turtlebot3_ws/build/turtlebot3_teleop/prefix_override:/usr/lib/python3/dist-packages/colcon_core/task/python/colcon_distutils_commands:/home/soo/turtlebot3_ws/install/turtlebot3_teleop/lib/python3.10/site-packages:${PYTHONPATH} /usr/bin/python3 -W ignore:setup.py install is deprecated -W ignore:easy_install command is deprecated setup.py egg_info --egg-base ../../../build/turtlebot3_teleop build --build-base /home/soo/turtlebot3_ws/build/turtlebot3_teleop/build install --record /home/soo/turtlebot3_ws/build/turtlebot3_teleop/install.log --single-version-externally-managed install_data
