running egg_info
creating ../../build/my_package/my_package.egg-info
writing ../../build/my_package/my_package.egg-info/PKG-INFO
writing dependency_links to ../../build/my_package/my_package.egg-info/dependency_links.txt
writing entry points to ../../build/my_package/my_package.egg-info/entry_points.txt
writing requirements to ../../build/my_package/my_package.egg-info/requires.txt
writing top-level names to ../../build/my_package/my_package.egg-info/top_level.txt
writing manifest file '../../build/my_package/my_package.egg-info/SOURCES.txt'
reading manifest file '../../build/my_package/my_package.egg-info/SOURCES.txt'
writing manifest file '../../build/my_package/my_package.egg-info/SOURCES.txt'
running build
running build_py
creating /home/soo/turtlebot3_ws/build/my_package/build
creating /home/soo/turtlebot3_ws/build/my_package/build/lib
creating /home/soo/turtlebot3_ws/build/my_package/build/lib/my_package
copying my_package/1_0capture_image.py -> /home/soo/turtlebot3_ws/build/my_package/build/lib/my_package
copying my_package/yolo_h_to_x_w_to_z.py -> /home/soo/turtlebot3_ws/build/my_package/build/lib/my_package
copying my_package/gazebo_follow_yolo_pub.py -> /home/soo/turtlebot3_ws/build/my_package/build/lib/my_package
copying my_package/__init__.py -> /home/soo/turtlebot3_ws/build/my_package/build/lib/my_package
copying my_package/flask_gazebocam_webcam.py -> /home/soo/turtlebot3_ws/build/my_package/build/lib/my_package
running install
running install_lib
creating /home/soo/turtlebot3_ws/install/my_package/lib/python3.10/site-packages/my_package
copying /home/soo/turtlebot3_ws/build/my_package/build/lib/my_package/1_0capture_image.py -> /home/soo/turtlebot3_ws/install/my_package/lib/python3.10/site-packages/my_package
copying /home/soo/turtlebot3_ws/build/my_package/build/lib/my_package/yolo_h_to_x_w_to_z.py -> /home/soo/turtlebot3_ws/install/my_package/lib/python3.10/site-packages/my_package
copying /home/soo/turtlebot3_ws/build/my_package/build/lib/my_package/gazebo_follow_yolo_pub.py -> /home/soo/turtlebot3_ws/install/my_package/lib/python3.10/site-packages/my_package
copying /home/soo/turtlebot3_ws/build/my_package/build/lib/my_package/__init__.py -> /home/soo/turtlebot3_ws/install/my_package/lib/python3.10/site-packages/my_package
copying /home/soo/turtlebot3_ws/build/my_package/build/lib/my_package/flask_gazebocam_webcam.py -> /home/soo/turtlebot3_ws/install/my_package/lib/python3.10/site-packages/my_package
byte-compiling /home/soo/turtlebot3_ws/install/my_package/lib/python3.10/site-packages/my_package/1_0capture_image.py to 1_0capture_image.cpython-310.pyc
byte-compiling /home/soo/turtlebot3_ws/install/my_package/lib/python3.10/site-packages/my_package/yolo_h_to_x_w_to_z.py to yolo_h_to_x_w_to_z.cpython-310.pyc
byte-compiling /home/soo/turtlebot3_ws/install/my_package/lib/python3.10/site-packages/my_package/gazebo_follow_yolo_pub.py to gazebo_follow_yolo_pub.cpython-310.pyc
byte-compiling /home/soo/turtlebot3_ws/install/my_package/lib/python3.10/site-packages/my_package/__init__.py to __init__.cpython-310.pyc
byte-compiling /home/soo/turtlebot3_ws/install/my_package/lib/python3.10/site-packages/my_package/flask_gazebocam_webcam.py to flask_gazebocam_webcam.cpython-310.pyc
running install_data
creating /home/soo/turtlebot3_ws/install/my_package/share/ament_index
creating /home/soo/turtlebot3_ws/install/my_package/share/ament_index/resource_index
creating /home/soo/turtlebot3_ws/install/my_package/share/ament_index/resource_index/packages
copying resource/my_package -> /home/soo/turtlebot3_ws/install/my_package/share/ament_index/resource_index/packages
copying package.xml -> /home/soo/turtlebot3_ws/install/my_package/share/my_package
running install_egg_info
Copying ../../build/my_package/my_package.egg-info to /home/soo/turtlebot3_ws/install/my_package/lib/python3.10/site-packages/my_package-0.0.0-py3.10.egg-info
running install_scripts
Installing capture_image script to /home/soo/turtlebot3_ws/install/my_package/lib/my_package
Installing flask script to /home/soo/turtlebot3_ws/install/my_package/lib/my_package
Installing yolo script to /home/soo/turtlebot3_ws/install/my_package/lib/my_package
writing list of installed files to '/home/soo/turtlebot3_ws/build/my_package/install.log'
