[0.898s] Invoking command in '/home/soo/turtlebot3_ws/src/my_package': PYTHONPATH=/home/soo/turtlebot3_ws/build/my_package/prefix_override:/usr/lib/python3/dist-packages/colcon_core/task/python/colcon_distutils_commands:/home/soo/turtlebot3_ws/install/my_package/lib/python3.10/site-packages:${PYTHONPATH} /usr/bin/python3 -W ignore:setup.py install is deprecated -W ignore:easy_install command is deprecated setup.py egg_info --egg-base ../../build/my_package build --build-base /home/soo/turtlebot3_ws/build/my_package/build install --record /home/soo/turtlebot3_ws/build/my_package/install.log --single-version-externally-managed install_data
[1.129s] running egg_info
[1.130s] creating ../../build/my_package/my_package.egg-info
[1.130s] writing ../../build/my_package/my_package.egg-info/PKG-INFO
[1.130s] writing dependency_links to ../../build/my_package/my_package.egg-info/dependency_links.txt
[1.130s] writing entry points to ../../build/my_package/my_package.egg-info/entry_points.txt
[1.131s] writing requirements to ../../build/my_package/my_package.egg-info/requires.txt
[1.131s] writing top-level names to ../../build/my_package/my_package.egg-info/top_level.txt
[1.131s] writing manifest file '../../build/my_package/my_package.egg-info/SOURCES.txt'
[1.132s] reading manifest file '../../build/my_package/my_package.egg-info/SOURCES.txt'
[1.132s] writing manifest file '../../build/my_package/my_package.egg-info/SOURCES.txt'
[1.132s] running build
[1.132s] running build_py
[1.133s] creating /home/soo/turtlebot3_ws/build/my_package/build
[1.133s] creating /home/soo/turtlebot3_ws/build/my_package/build/lib
[1.133s] creating /home/soo/turtlebot3_ws/build/my_package/build/lib/my_package
[1.133s] copying my_package/1_0capture_image.py -> /home/soo/turtlebot3_ws/build/my_package/build/lib/my_package
[1.133s] copying my_package/yolo_h_to_x_w_to_z.py -> /home/soo/turtlebot3_ws/build/my_package/build/lib/my_package
[1.133s] copying my_package/gazebo_follow_yolo_pub.py -> /home/soo/turtlebot3_ws/build/my_package/build/lib/my_package
[1.133s] copying my_package/__init__.py -> /home/soo/turtlebot3_ws/build/my_package/build/lib/my_package
[1.133s] copying my_package/flask_gazebocam_webcam.py -> /home/soo/turtlebot3_ws/build/my_package/build/lib/my_package
[1.133s] running install
[1.133s] running install_lib
[1.134s] creating /home/soo/turtlebot3_ws/install/my_package/lib/python3.10/site-packages/my_package
[1.134s] copying /home/soo/turtlebot3_ws/build/my_package/build/lib/my_package/1_0capture_image.py -> /home/soo/turtlebot3_ws/install/my_package/lib/python3.10/site-packages/my_package
[1.134s] copying /home/soo/turtlebot3_ws/build/my_package/build/lib/my_package/yolo_h_to_x_w_to_z.py -> /home/soo/turtlebot3_ws/install/my_package/lib/python3.10/site-packages/my_package
[1.134s] copying /home/soo/turtlebot3_ws/build/my_package/build/lib/my_package/gazebo_follow_yolo_pub.py -> /home/soo/turtlebot3_ws/install/my_package/lib/python3.10/site-packages/my_package
[1.134s] copying /home/soo/turtlebot3_ws/build/my_package/build/lib/my_package/__init__.py -> /home/soo/turtlebot3_ws/install/my_package/lib/python3.10/site-packages/my_package
[1.134s] copying /home/soo/turtlebot3_ws/build/my_package/build/lib/my_package/flask_gazebocam_webcam.py -> /home/soo/turtlebot3_ws/install/my_package/lib/python3.10/site-packages/my_package
[1.135s] byte-compiling /home/soo/turtlebot3_ws/install/my_package/lib/python3.10/site-packages/my_package/1_0capture_image.py to 1_0capture_image.cpython-310.pyc
[1.135s] byte-compiling /home/soo/turtlebot3_ws/install/my_package/lib/python3.10/site-packages/my_package/yolo_h_to_x_w_to_z.py to yolo_h_to_x_w_to_z.cpython-310.pyc
[1.136s] byte-compiling /home/soo/turtlebot3_ws/install/my_package/lib/python3.10/site-packages/my_package/gazebo_follow_yolo_pub.py to gazebo_follow_yolo_pub.cpython-310.pyc
[1.137s] byte-compiling /home/soo/turtlebot3_ws/install/my_package/lib/python3.10/site-packages/my_package/__init__.py to __init__.cpython-310.pyc
[1.137s] byte-compiling /home/soo/turtlebot3_ws/install/my_package/lib/python3.10/site-packages/my_package/flask_gazebocam_webcam.py to flask_gazebocam_webcam.cpython-310.pyc
[1.137s] running install_data
[1.137s] creating /home/soo/turtlebot3_ws/install/my_package/share/ament_index
[1.137s] creating /home/soo/turtlebot3_ws/install/my_package/share/ament_index/resource_index
[1.137s] creating /home/soo/turtlebot3_ws/install/my_package/share/ament_index/resource_index/packages
[1.137s] copying resource/my_package -> /home/soo/turtlebot3_ws/install/my_package/share/ament_index/resource_index/packages
[1.138s] copying package.xml -> /home/soo/turtlebot3_ws/install/my_package/share/my_package
[1.138s] running install_egg_info
[1.139s] Copying ../../build/my_package/my_package.egg-info to /home/soo/turtlebot3_ws/install/my_package/lib/python3.10/site-packages/my_package-0.0.0-py3.10.egg-info
[1.139s] running install_scripts
[1.156s] Installing capture_image script to /home/soo/turtlebot3_ws/install/my_package/lib/my_package
[1.156s] Installing flask script to /home/soo/turtlebot3_ws/install/my_package/lib/my_package
[1.156s] Installing yolo script to /home/soo/turtlebot3_ws/install/my_package/lib/my_package
[1.156s] writing list of installed files to '/home/soo/turtlebot3_ws/build/my_package/install.log'
[1.176s] Invoked command in '/home/soo/turtlebot3_ws/src/my_package' returned '0': PYTHONPATH=/home/soo/turtlebot3_ws/build/my_package/prefix_override:/usr/lib/python3/dist-packages/colcon_core/task/python/colcon_distutils_commands:/home/soo/turtlebot3_ws/install/my_package/lib/python3.10/site-packages:${PYTHONPATH} /usr/bin/python3 -W ignore:setup.py install is deprecated -W ignore:easy_install command is deprecated setup.py egg_info --egg-base ../../build/my_package build --build-base /home/soo/turtlebot3_ws/build/my_package/build install --record /home/soo/turtlebot3_ws/build/my_package/install.log --single-version-externally-managed install_data
