[0.030s] Invoking command in '/home/soo/turtlebot3_ws/build/turtlebot3_cartographer': CMAKE_PREFIX_PATH=${CMAKE_PREFIX_PATH}:/home/soo/turtlebot3_ws/install/turtlebot3_teleop:/home/soo/turtlebot3_ws/install/turtlebot3_example:/home/soo/turtlebot3_ws/install/my_package:/opt/ros/humble /usr/bin/cmake --build /home/soo/turtlebot3_ws/build/turtlebot3_cartographer -- -j16 -l16
[0.532s] Invoked command in '/home/soo/turtlebot3_ws/build/turtlebot3_cartographer' returned '0': CMAKE_PREFIX_PATH=${CMAKE_PREFIX_PATH}:/home/soo/turtlebot3_ws/install/turtlebot3_teleop:/home/soo/turtlebot3_ws/install/turtlebot3_example:/home/soo/turtlebot3_ws/install/my_package:/opt/ros/humble /usr/bin/cmake --build /home/soo/turtlebot3_ws/build/turtlebot3_cartographer -- -j16 -l16
[0.540s] Invoking command in '/home/soo/turtlebot3_ws/build/turtlebot3_cartographer': CMAKE_PREFIX_PATH=${CMAKE_PREFIX_PATH}:/home/soo/turtlebot3_ws/install/turtlebot3_teleop:/home/soo/turtlebot3_ws/install/turtlebot3_example:/home/soo/turtlebot3_ws/install/my_package:/opt/ros/humble /usr/bin/cmake --install /home/soo/turtlebot3_ws/build/turtlebot3_cartographer
[0.548s] -- Install configuration: ""
[0.548s] -- Up-to-date: /home/soo/turtlebot3_ws/install/turtlebot3_cartographer/share/turtlebot3_cartographer/config
[0.548s] -- Up-to-date: /home/soo/turtlebot3_ws/install/turtlebot3_cartographer/share/turtlebot3_cartographer/config/turtlebot3_lds_2d.lua
[0.548s] -- Up-to-date: /home/soo/turtlebot3_ws/install/turtlebot3_cartographer/share/turtlebot3_cartographer/launch
[0.548s] -- Up-to-date: /home/soo/turtlebot3_ws/install/turtlebot3_cartographer/share/turtlebot3_cartographer/launch/occupancy_grid.launch.py
[0.548s] -- Up-to-date: /home/soo/turtlebot3_ws/install/turtlebot3_cartographer/share/turtlebot3_cartographer/launch/cartographer.launch.py
[0.548s] -- Up-to-date: /home/soo/turtlebot3_ws/install/turtlebot3_cartographer/share/turtlebot3_cartographer/rviz
[0.548s] -- Up-to-date: /home/soo/turtlebot3_ws/install/turtlebot3_cartographer/share/turtlebot3_cartographer/rviz/tb3_cartographer.rviz
[0.548s] -- Up-to-date: /home/soo/turtlebot3_ws/install/turtlebot3_cartographer/share/ament_index/resource_index/package_run_dependencies/turtlebot3_cartographer
[0.549s] -- Up-to-date: /home/soo/turtlebot3_ws/install/turtlebot3_cartographer/share/ament_index/resource_index/parent_prefix_path/turtlebot3_cartographer
[0.549s] -- Up-to-date: /home/soo/turtlebot3_ws/install/turtlebot3_cartographer/share/turtlebot3_cartographer/environment/ament_prefix_path.sh
[0.549s] -- Up-to-date: /home/soo/turtlebot3_ws/install/turtlebot3_cartographer/share/turtlebot3_cartographer/environment/ament_prefix_path.dsv
[0.549s] -- Up-to-date: /home/soo/turtlebot3_ws/install/turtlebot3_cartographer/share/turtlebot3_cartographer/environment/path.sh
[0.549s] -- Up-to-date: /home/soo/turtlebot3_ws/install/turtlebot3_cartographer/share/turtlebot3_cartographer/environment/path.dsv
[0.549s] -- Up-to-date: /home/soo/turtlebot3_ws/install/turtlebot3_cartographer/share/turtlebot3_cartographer/local_setup.bash
[0.549s] -- Up-to-date: /home/soo/turtlebot3_ws/install/turtlebot3_cartographer/share/turtlebot3_cartographer/local_setup.sh
[0.549s] -- Up-to-date: /home/soo/turtlebot3_ws/install/turtlebot3_cartographer/share/turtlebot3_cartographer/local_setup.zsh
[0.550s] -- Up-to-date: /home/soo/turtlebot3_ws/install/turtlebot3_cartographer/share/turtlebot3_cartographer/local_setup.dsv
[0.550s] -- Installing: /home/soo/turtlebot3_ws/install/turtlebot3_cartographer/share/turtlebot3_cartographer/package.dsv
[0.550s] -- Up-to-date: /home/soo/turtlebot3_ws/install/turtlebot3_cartographer/share/ament_index/resource_index/packages/turtlebot3_cartographer
[0.552s] -- Up-to-date: /home/soo/turtlebot3_ws/install/turtlebot3_cartographer/share/turtlebot3_cartographer/cmake/turtlebot3_cartographerConfig.cmake
[0.553s] -- Up-to-date: /home/soo/turtlebot3_ws/install/turtlebot3_cartographer/share/turtlebot3_cartographer/cmake/turtlebot3_cartographerConfig-version.cmake
[0.553s] -- Up-to-date: /home/soo/turtlebot3_ws/install/turtlebot3_cartographer/share/turtlebot3_cartographer/package.xml
[0.585s] Invoked command in '/home/soo/turtlebot3_ws/build/turtlebot3_cartographer' returned '0': CMAKE_PREFIX_PATH=${CMAKE_PREFIX_PATH}:/home/soo/turtlebot3_ws/install/turtlebot3_teleop:/home/soo/turtlebot3_ws/install/turtlebot3_example:/home/soo/turtlebot3_ws/install/my_package:/opt/ros/humble /usr/bin/cmake --install /home/soo/turtlebot3_ws/build/turtlebot3_cartographer
