[0.021s] Invoking command in '/home/soo/turtlebot3_ws/build/turtlebot3_gazebo': CMAKE_PREFIX_PATH=/opt/ros/humble /usr/bin/cmake /home/soo/turtlebot3_ws/src/turtlebot3_simulations/turtlebot3_gazebo -DCMAKE_INSTALL_PREFIX=/home/soo/turtlebot3_ws/install/turtlebot3_gazebo
[0.261s] -- The C compiler identification is GNU 11.4.0
[0.261s] -- The CXX compiler identification is GNU 11.4.0
[0.262s] -- Detecting C compiler ABI info
[0.315s] -- Detecting C compiler ABI info - done
[0.322s] -- Check for working C compiler: /usr/bin/cc - skipped
[0.322s] -- Detecting C compile features
[0.323s] -- Detecting C compile features - done
[0.326s] -- Detecting CXX compiler ABI info
[0.393s] -- Detecting CXX compiler ABI info - done
[0.401s] -- Check for working CXX compiler: /usr/bin/c++ - skipped
[0.401s] -- Detecting CXX compile features
[0.402s] -- Detecting CXX compile features - done
[0.407s] -- Found ament_cmake: 1.3.11 (/opt/ros/humble/share/ament_cmake/cmake)
[0.528s] -- Found Python3: /usr/bin/python3 (found version "3.10.12") found components: Interpreter 
[0.644s] [33mCMake Warning (dev) at /usr/share/cmake-3.22/Modules/FindPackageHandleStandardArgs.cmake:438 (message):
[0.644s]   The package name passed to `find_package_handle_standard_args` (PkgConfig)
[0.644s]   does not match the name of the calling package (gazebo).  This can lead to
[0.644s]   problems in calling code that expects `find_package` result variables
[0.644s]   (e.g., `_FOUND`) to follow a certain pattern.
[0.644s] Call Stack (most recent call first):
[0.644s]   /usr/share/cmake-3.22/Modules/FindPkgConfig.cmake:99 (find_package_handle_standard_args)
[0.644s]   /usr/lib/x86_64-linux-gnu/cmake/gazebo/gazebo-config.cmake:72 (include)
[0.644s]   CMakeLists.txt:23 (find_package)
[0.644s] This warning is for project developers.  Use -Wno-dev to suppress it.
[0.644s] [0m
[0.644s] -- Found PkgConfig: /usr/bin/pkg-config (found version "0.29.2") 
[0.650s] -- Checking for module 'bullet>=2.82'
[0.661s] --   Found bullet, version 3.05
[0.766s] -- Found fcl: /usr/include (found suitable version "0.7.0", minimum required is "0.5.0") 
[0.820s] -- Found assimp: /usr/include (found version "5.2.0") 
[0.842s] -- Found DART: /usr/include (Required is at least version "6.6") found components: dart 
[1.010s] -- Found Boost: /usr/lib/x86_64-linux-gnu/cmake/Boost-1.74.0/BoostConfig.cmake (found suitable version "1.74.0", minimum required is "1.40.0") found components: thread system filesystem program_options regex iostreams date_time 
[1.032s] -- Found Protobuf: /usr/lib/x86_64-linux-gnu/libprotobuf.so (found version "3.12.4") 
[1.037s] -- Looking for ignition-math6 -- found version 6.15.1
[1.046s] -- Searching for dependencies of ignition-math6
[1.048s] -- Looking for OGRE...
[1.048s] -- OGRE_PREFIX_WATCH changed.
[1.054s] -- Checking for module 'OGRE'
[1.063s] --   Found OGRE, version 1.9.0
[1.090s] -- Found Ogre Ghadamon (1.9.0)
[1.100s] -- Found OGRE: optimized;/usr/lib/x86_64-linux-gnu/libOgreMain.so;debug;/usr/lib/x86_64-linux-gnu/libOgreMain.so
[1.108s] -- Looking for OGRE_Paging...
[1.112s] -- Found OGRE_Paging: optimized;/usr/lib/x86_64-linux-gnu/libOgrePaging.so;debug;/usr/lib/x86_64-linux-gnu/libOgrePaging.so
[1.112s] -- Looking for OGRE_Terrain...
[1.116s] -- Found OGRE_Terrain: optimized;/usr/lib/x86_64-linux-gnu/libOgreTerrain.so;debug;/usr/lib/x86_64-linux-gnu/libOgreTerrain.so
[1.116s] -- Looking for OGRE_Property...
[1.120s] -- Found OGRE_Property: optimized;/usr/lib/x86_64-linux-gnu/libOgreProperty.so;debug;/usr/lib/x86_64-linux-gnu/libOgreProperty.so
[1.120s] -- Looking for OGRE_RTShaderSystem...
[1.124s] -- Found OGRE_RTShaderSystem: optimized;/usr/lib/x86_64-linux-gnu/libOgreRTShaderSystem.so;debug;/usr/lib/x86_64-linux-gnu/libOgreRTShaderSystem.so
[1.124s] -- Looking for OGRE_Volume...
[1.128s] -- Found OGRE_Volume: optimized;/usr/lib/x86_64-linux-gnu/libOgreVolume.so;debug;/usr/lib/x86_64-linux-gnu/libOgreVolume.so
[1.129s] -- Looking for OGRE_Overlay...
[1.133s] -- Found OGRE_Overlay: optimized;/usr/lib/x86_64-linux-gnu/libOgreOverlay.so;debug;/usr/lib/x86_64-linux-gnu/libOgreOverlay.so
[1.221s] -- Looking for ignition-math6 -- found version 6.15.1
[1.222s] -- Looking for ignition-transport8 -- found version 8.2.1
[1.223s] -- Searching for dependencies of ignition-transport8
[1.236s] -- Found Protobuf: /usr/lib/x86_64-linux-gnu/libprotobuf.so (found suitable version "3.12.4", minimum required is "3") 
[1.244s] -- Config-file not installed for ZeroMQ -- checking for pkg-config
[1.248s] -- Checking for module 'libzmq >= 4'
[1.257s] --   Found libzmq , version 4.3.4
[1.279s] -- Found ZeroMQ: TRUE (Required is at least version "4") 
[1.284s] -- Checking for module 'uuid'
[1.291s] --   Found uuid, version 2.37.2
[1.314s] -- Found UUID: TRUE  
[1.316s] -- Looking for ignition-msgs5 -- found version 5.8.1
[1.316s] -- Searching for dependencies of ignition-msgs5
[1.331s] -- Looking for ignition-math6 -- found version 6.15.1
[1.335s] -- Checking for module 'tinyxml2'
[1.343s] --   Found tinyxml2, version 9.0.0
[1.364s] -- Looking for ignition-msgs5 -- found version 5.8.1
[1.366s] -- Looking for ignition-common3 -- found version 3.14.0
[1.366s] -- Searching for dependencies of ignition-common3
[1.366s] -- Looking for dlfcn.h - found
[1.367s] -- Looking for libdl - found
[1.368s] -- Found DL: TRUE  
[1.377s] -- Found tinyobjloader: /usr/lib/x86_64-linux-gnu/cmake/tinyobjloader/tinyobjloader-config.cmake (found version "2.0.0") 
[1.377s] -- Searching for <ignition-common3> component [graphics]
[1.379s] -- Looking for ignition-common3-graphics -- found version 3.14.0
[1.379s] -- Searching for dependencies of ignition-common3-graphics
[1.380s] -- Looking for ignition-math6 -- found version 6.15.1
[1.382s] -- Looking for ignition-fuel_tools4 -- found version 4.4.0
[1.383s] -- Searching for dependencies of ignition-fuel_tools4
[1.432s] -- Found CURL: /usr/lib/x86_64-linux-gnu/libcurl.so (found version "7.81.0")  
[1.439s] -- Checking for module 'jsoncpp'
[1.447s] --   Found jsoncpp, version 1.9.5
[1.467s] -- Found JSONCPP: TRUE  
[1.472s] -- Checking for module 'libzip'
[1.480s] --   Found libzip, version 1.7.3
[1.500s] -- Found ZIP: TRUE  
[1.501s] -- Looking for ignition-common3 -- found version 3.14.0
[1.501s] -- Looking for ignition-math6 -- found version 6.15.1
[1.501s] -- Looking for ignition-msgs5 -- found version 5.8.1
[1.506s] -- Found gazebo_ros_pkgs: 3.9.0 (/opt/ros/humble/share/gazebo_ros_pkgs/cmake)
[1.507s] -- Found geometry_msgs: 4.2.4 (/opt/ros/humble/share/geometry_msgs/cmake)
[1.530s] -- Found rosidl_generator_c: 3.1.6 (/opt/ros/humble/share/rosidl_generator_c/cmake)
[1.533s] -- Found rosidl_adapter: 3.1.6 (/opt/ros/humble/share/rosidl_adapter/cmake)
[1.540s] -- Found rosidl_generator_cpp: 3.1.6 (/opt/ros/humble/share/rosidl_generator_cpp/cmake)
[1.549s] -- Using all available rosidl_typesupport_c: rosidl_typesupport_fastrtps_c;rosidl_typesupport_introspection_c
[1.563s] -- Using all available rosidl_typesupport_cpp: rosidl_typesupport_fastrtps_cpp;rosidl_typesupport_introspection_cpp
[1.595s] -- Found nav_msgs: 4.2.4 (/opt/ros/humble/share/nav_msgs/cmake)
[1.612s] -- Found rclcpp: 16.0.11 (/opt/ros/humble/share/rclcpp/cmake)
[1.651s] -- Found rmw_implementation_cmake: 6.1.2 (/opt/ros/humble/share/rmw_implementation_cmake/cmake)
[1.653s] -- Found rmw_fastrtps_cpp: 6.2.7 (/opt/ros/humble/share/rmw_fastrtps_cpp/cmake)
[1.724s] -- Found OpenSSL: /usr/lib/x86_64-linux-gnu/libcrypto.so (found version "3.0.2")  
[1.745s] -- Found FastRTPS: /opt/ros/humble/include  
[1.777s] -- Using RMW implementation 'rmw_fastrtps_cpp' as default
[1.786s] -- Found Threads: TRUE  
[1.829s] -- Found sensor_msgs: 4.2.4 (/opt/ros/humble/share/sensor_msgs/cmake)
[1.850s] -- Found tf2: 0.25.12 (/opt/ros/humble/share/tf2/cmake)
[1.936s] -- Configuring done
[1.963s] -- Generating done
[1.970s] -- Build files have been written to: /home/soo/turtlebot3_ws/build/turtlebot3_gazebo
[1.979s] Invoked command in '/home/soo/turtlebot3_ws/build/turtlebot3_gazebo' returned '0': CMAKE_PREFIX_PATH=/opt/ros/humble /usr/bin/cmake /home/soo/turtlebot3_ws/src/turtlebot3_simulations/turtlebot3_gazebo -DCMAKE_INSTALL_PREFIX=/home/soo/turtlebot3_ws/install/turtlebot3_gazebo
[1.981s] Invoking command in '/home/soo/turtlebot3_ws/build/turtlebot3_gazebo': CMAKE_PREFIX_PATH=/opt/ros/humble /usr/bin/cmake --build /home/soo/turtlebot3_ws/build/turtlebot3_gazebo -- -j16 -l16
[2.022s] [ 50%] [32mBuilding CXX object CMakeFiles/obstacle2.dir/models/turtlebot3_dqn_world/obstacle_plugin/obstacle2.cc.o[0m
[2.022s] [ 50%] [32mBuilding CXX object CMakeFiles/obstacle1.dir/models/turtlebot3_dqn_world/obstacle_plugin/obstacle1.cc.o[0m
[2.022s] [ 50%] [32mBuilding CXX object CMakeFiles/turtlebot3_drive.dir/src/turtlebot3_drive.cpp.o[0m
[2.023s] [ 50%] [32mBuilding CXX object CMakeFiles/obstacles.dir/models/turtlebot3_dqn_world/obstacle_plugin/obstacles.cc.o[0m
[15.047s] [ 62%] [32m[1mLinking CXX executable turtlebot3_drive[0m
[15.139s] [ 75%] [32m[1mLinking CXX shared library libobstacles.so[0m
[15.228s] [ 87%] [32m[1mLinking CXX shared library libobstacle1.so[0m
[15.360s] [ 87%] Built target obstacles
[15.421s] [100%] [32m[1mLinking CXX shared library libobstacle2.so[0m
[15.431s] [100%] Built target obstacle1
[15.565s] [100%] Built target turtlebot3_drive
[15.597s] [100%] Built target obstacle2
