[0.298s] Invoking command in '/home/soo/turtlebot3_ws/build/turtlebot3_fake_node': AMENT_PREFIX_PATH=/home/soo/turtlebot3_ws/install/turtlebot3_msgs:${AMENT_PREFIX_PATH} CMAKE_PREFIX_PATH=/home/soo/turtlebot3_ws/install/turtlebot3_msgs:/opt/ros/humble LD_LIBRARY_PATH=/home/soo/turtlebot3_ws/install/turtlebot3_msgs/lib:/usr/lib/x86_64-linux-gnu/gazebo-11/plugins:/opt/ros/humble/opt/rviz_ogre_vendor/lib:/opt/ros/humble/lib/x86_64-linux-gnu:/opt/ros/humble/lib:/usr/lib/x86_64-linux-gnu/gazebo-11/plugins PYTHONPATH=/home/soo/turtlebot3_ws/install/turtlebot3_msgs/local/lib/python3.10/dist-packages:${PYTHONPATH} /usr/bin/cmake /home/soo/turtlebot3_ws/src/turtlebot3_simulations/turtlebot3_fake_node -DCMAKE_INSTALL_PREFIX=/home/soo/turtlebot3_ws/install/turtlebot3_fake_node
[0.341s] -- The C compiler identification is GNU 11.4.0
[0.390s] -- The CXX compiler identification is GNU 11.4.0
[0.396s] -- Detecting C compiler ABI info
[0.455s] -- Detecting C compiler ABI info - done
[0.468s] -- Check for working C compiler: /usr/bin/cc - skipped
[0.468s] -- Detecting C compile features
[0.469s] -- Detecting C compile features - done
[0.473s] -- Detecting CXX compiler ABI info
[0.546s] -- Detecting CXX compiler ABI info - done
[0.553s] -- Check for working CXX compiler: /usr/bin/c++ - skipped
[0.553s] -- Detecting CXX compile features
[0.554s] -- Detecting CXX compile features - done
[0.556s] -- Found ament_cmake: 1.3.11 (/opt/ros/humble/share/ament_cmake/cmake)
[0.678s] -- Found Python3: /usr/bin/python3 (found version "3.10.12") found components: Interpreter 
[0.760s] -- Found geometry_msgs: 4.2.4 (/opt/ros/humble/share/geometry_msgs/cmake)
[0.793s] -- Found rosidl_generator_c: 3.1.6 (/opt/ros/humble/share/rosidl_generator_c/cmake)
[0.798s] -- Found rosidl_adapter: 3.1.6 (/opt/ros/humble/share/rosidl_adapter/cmake)
[0.805s] -- Found rosidl_generator_cpp: 3.1.6 (/opt/ros/humble/share/rosidl_generator_cpp/cmake)
[0.816s] -- Using all available rosidl_typesupport_c: rosidl_typesupport_fastrtps_c;rosidl_typesupport_introspection_c
[0.831s] -- Using all available rosidl_typesupport_cpp: rosidl_typesupport_fastrtps_cpp;rosidl_typesupport_introspection_cpp
[0.870s] -- Found nav_msgs: 4.2.4 (/opt/ros/humble/share/nav_msgs/cmake)
[0.887s] -- Found rclcpp: 16.0.11 (/opt/ros/humble/share/rclcpp/cmake)
[0.922s] -- Found rmw_implementation_cmake: 6.1.2 (/opt/ros/humble/share/rmw_implementation_cmake/cmake)
[0.924s] -- Found rmw_fastrtps_cpp: 6.2.7 (/opt/ros/humble/share/rmw_fastrtps_cpp/cmake)
[0.996s] -- Found OpenSSL: /usr/lib/x86_64-linux-gnu/libcrypto.so (found version "3.0.2")  
[1.021s] -- Found FastRTPS: /opt/ros/humble/include  
[1.058s] -- Using RMW implementation 'rmw_fastrtps_cpp' as default
[1.065s] -- Looking for pthread.h
[1.127s] -- Looking for pthread.h - found
[1.128s] -- Performing Test CMAKE_HAVE_LIBC_PTHREAD
[1.194s] -- Performing Test CMAKE_HAVE_LIBC_PTHREAD - Success
[1.195s] -- Found Threads: TRUE  
[1.235s] -- Found sensor_msgs: 4.2.4 (/opt/ros/humble/share/sensor_msgs/cmake)
[1.254s] -- Found tf2: 0.25.12 (/opt/ros/humble/share/tf2/cmake)
[1.265s] -- Found tf2_msgs: 0.25.12 (/opt/ros/humble/share/tf2_msgs/cmake)
[1.307s] -- Found turtlebot3_msgs: 2.3.0 (/home/soo/turtlebot3_ws/install/turtlebot3_msgs/share/turtlebot3_msgs/cmake)
[1.417s] -- Configuring done
[1.434s] -- Generating done
[1.439s] -- Build files have been written to: /home/soo/turtlebot3_ws/build/turtlebot3_fake_node
