[0.951s] Invoking command in '/home/soo/turtlebot3_ws/src/turtlebot3/turtlebot3_teleop': PYTHONPATH=/home/soo/turtlebot3_ws/build/turtlebot3_teleop/prefix_override:/usr/lib/python3/dist-packages/colcon_core/task/python/colcon_distutils_commands:/home/soo/turtlebot3_ws/install/turtlebot3_teleop/lib/python3.10/site-packages:${PYTHONPATH} /usr/bin/python3 -W ignore:setup.py install is deprecated -W ignore:easy_install command is deprecated setup.py egg_info --egg-base ../../../build/turtlebot3_teleop build --build-base /home/soo/turtlebot3_ws/build/turtlebot3_teleop/build install --record /home/soo/turtlebot3_ws/build/turtlebot3_teleop/install.log --single-version-externally-managed install_data
[1.171s] running egg_info
[1.171s] creating ../../../build/turtlebot3_teleop/turtlebot3_teleop.egg-info
[1.171s] writing ../../../build/turtlebot3_teleop/turtlebot3_teleop.egg-info/PKG-INFO
[1.172s] writing dependency_links to ../../../build/turtlebot3_teleop/turtlebot3_teleop.egg-info/dependency_links.txt
[1.172s] writing entry points to ../../../build/turtlebot3_teleop/turtlebot3_teleop.egg-info/entry_points.txt
[1.172s] writing requirements to ../../../build/turtlebot3_teleop/turtlebot3_teleop.egg-info/requires.txt
[1.172s] writing top-level names to ../../../build/turtlebot3_teleop/turtlebot3_teleop.egg-info/top_level.txt
[1.172s] writing manifest file '../../../build/turtlebot3_teleop/turtlebot3_teleop.egg-info/SOURCES.txt'
[1.173s] reading manifest file '../../../build/turtlebot3_teleop/turtlebot3_teleop.egg-info/SOURCES.txt'
[1.174s] writing manifest file '../../../build/turtlebot3_teleop/turtlebot3_teleop.egg-info/SOURCES.txt'
[1.174s] running build
[1.174s] running build_py
[1.174s] creating /home/soo/turtlebot3_ws/build/turtlebot3_teleop/build
[1.174s] creating /home/soo/turtlebot3_ws/build/turtlebot3_teleop/build/lib
[1.174s] creating /home/soo/turtlebot3_ws/build/turtlebot3_teleop/build/lib/turtlebot3_teleop
[1.174s] copying turtlebot3_teleop/__init__.py -> /home/soo/turtlebot3_ws/build/turtlebot3_teleop/build/lib/turtlebot3_teleop
[1.174s] creating /home/soo/turtlebot3_ws/build/turtlebot3_teleop/build/lib/turtlebot3_teleop/script
[1.174s] copying turtlebot3_teleop/script/teleop_keyboard.py -> /home/soo/turtlebot3_ws/build/turtlebot3_teleop/build/lib/turtlebot3_teleop/script
[1.175s] copying turtlebot3_teleop/script/__init__.py -> /home/soo/turtlebot3_ws/build/turtlebot3_teleop/build/lib/turtlebot3_teleop/script
[1.175s] running install
[1.175s] running install_lib
[1.176s] creating /home/soo/turtlebot3_ws/install/turtlebot3_teleop/lib/python3.10/site-packages/turtlebot3_teleop
[1.176s] creating /home/soo/turtlebot3_ws/install/turtlebot3_teleop/lib/python3.10/site-packages/turtlebot3_teleop/script
[1.176s] copying /home/soo/turtlebot3_ws/build/turtlebot3_teleop/build/lib/turtlebot3_teleop/script/teleop_keyboard.py -> /home/soo/turtlebot3_ws/install/turtlebot3_teleop/lib/python3.10/site-packages/turtlebot3_teleop/script
[1.176s] copying /home/soo/turtlebot3_ws/build/turtlebot3_teleop/build/lib/turtlebot3_teleop/script/__init__.py -> /home/soo/turtlebot3_ws/install/turtlebot3_teleop/lib/python3.10/site-packages/turtlebot3_teleop/script
[1.176s] copying /home/soo/turtlebot3_ws/build/turtlebot3_teleop/build/lib/turtlebot3_teleop/__init__.py -> /home/soo/turtlebot3_ws/install/turtlebot3_teleop/lib/python3.10/site-packages/turtlebot3_teleop
[1.176s] byte-compiling /home/soo/turtlebot3_ws/install/turtlebot3_teleop/lib/python3.10/site-packages/turtlebot3_teleop/script/teleop_keyboard.py to teleop_keyboard.cpython-310.pyc
[1.177s] byte-compiling /home/soo/turtlebot3_ws/install/turtlebot3_teleop/lib/python3.10/site-packages/turtlebot3_teleop/script/__init__.py to __init__.cpython-310.pyc
[1.178s] byte-compiling /home/soo/turtlebot3_ws/install/turtlebot3_teleop/lib/python3.10/site-packages/turtlebot3_teleop/__init__.py to __init__.cpython-310.pyc
[1.178s] running install_data
[1.178s] creating /home/soo/turtlebot3_ws/install/turtlebot3_teleop/share/ament_index
[1.178s] creating /home/soo/turtlebot3_ws/install/turtlebot3_teleop/share/ament_index/resource_index
[1.178s] creating /home/soo/turtlebot3_ws/install/turtlebot3_teleop/share/ament_index/resource_index/packages
[1.178s] copying resource/turtlebot3_teleop -> /home/soo/turtlebot3_ws/install/turtlebot3_teleop/share/ament_index/resource_index/packages
[1.178s] copying package.xml -> /home/soo/turtlebot3_ws/install/turtlebot3_teleop/share/turtlebot3_teleop
[1.178s] running install_egg_info
[1.180s] Copying ../../../build/turtlebot3_teleop/turtlebot3_teleop.egg-info to /home/soo/turtlebot3_ws/install/turtlebot3_teleop/lib/python3.10/site-packages/turtlebot3_teleop-2.2.0-py3.10.egg-info
[1.180s] running install_scripts
[1.196s] Installing teleop_keyboard script to /home/soo/turtlebot3_ws/install/turtlebot3_teleop/lib/turtlebot3_teleop
[1.197s] writing list of installed files to '/home/soo/turtlebot3_ws/build/turtlebot3_teleop/install.log'
[1.215s] Invoked command in '/home/soo/turtlebot3_ws/src/turtlebot3/turtlebot3_teleop' returned '0': PYTHONPATH=/home/soo/turtlebot3_ws/build/turtlebot3_teleop/prefix_override:/usr/lib/python3/dist-packages/colcon_core/task/python/colcon_distutils_commands:/home/soo/turtlebot3_ws/install/turtlebot3_teleop/lib/python3.10/site-packages:${PYTHONPATH} /usr/bin/python3 -W ignore:setup.py install is deprecated -W ignore:easy_install command is deprecated setup.py egg_info --egg-base ../../../build/turtlebot3_teleop build --build-base /home/soo/turtlebot3_ws/build/turtlebot3_teleop/build install --record /home/soo/turtlebot3_ws/build/turtlebot3_teleop/install.log --single-version-externally-managed install_data
