[0.621s] Invoking command in '/home/soo/turtlebot3_ws/src/turtlebot3/turtlebot3_example': CMAKE_PREFIX_PATH=/home/soo/turtlebot3_ws/install/turtlebot3_msgs:/home/soo/turtlebot3_ws/install/turtlebot3:/home/soo/turtlebot3_ws/install/turtlebot3_simulations:/home/soo/turtlebot3_ws/install/turtlebot3_bringup:/home/soo/turtlebot3_ws/install/turtlebot3_node:/home/soo/turtlebot3_ws/install/turtlebot3_navigation2:/home/soo/turtlebot3_ws/install/turtlebot3_fake_node:/home/soo/turtlebot3_ws/install/turtlebot3_gazebo:/home/soo/turtlebot3_ws/install/turtlebot3_description:/home/soo/turtlebot3_ws/install/turtlebot3_cartographer LD_LIBRARY_PATH=/home/soo/turtlebot3_ws/install/turtlebot3_msgs/lib:/usr/lib/x86_64-linux-gnu/gazebo-11/plugins:/opt/ros/humble/opt/rviz_ogre_vendor/lib:/opt/ros/humble/lib/x86_64-linux-gnu:/opt/ros/humble/lib:/usr/lib/x86_64-linux-gnu/gazebo-11/plugins PYTHONPATH=/home/soo/turtlebot3_ws/build/turtlebot3_example/prefix_override:/usr/lib/python3/dist-packages/colcon_core/task/python/colcon_distutils_commands:/home/soo/turtlebot3_ws/install/turtlebot3_example/lib/python3.10/site-packages:${PYTHONPATH} /usr/bin/python3 -W ignore:setup.py install is deprecated -W ignore:easy_install command is deprecated setup.py egg_info --egg-base ../../../build/turtlebot3_example build --build-base /home/soo/turtlebot3_ws/build/turtlebot3_example/build install --record /home/soo/turtlebot3_ws/build/turtlebot3_example/install.log --single-version-externally-managed install_data
[0.843s] running egg_info
[0.844s] writing ../../../build/turtlebot3_example/turtlebot3_example.egg-info/PKG-INFO
[0.844s] writing dependency_links to ../../../build/turtlebot3_example/turtlebot3_example.egg-info/dependency_links.txt
[0.844s] writing entry points to ../../../build/turtlebot3_example/turtlebot3_example.egg-info/entry_points.txt
[0.844s] writing requirements to ../../../build/turtlebot3_example/turtlebot3_example.egg-info/requires.txt
[0.845s] writing top-level names to ../../../build/turtlebot3_example/turtlebot3_example.egg-info/top_level.txt
[0.846s] reading manifest file '../../../build/turtlebot3_example/turtlebot3_example.egg-info/SOURCES.txt'
[0.847s] writing manifest file '../../../build/turtlebot3_example/turtlebot3_example.egg-info/SOURCES.txt'
[0.847s] running build
[0.847s] running build_py
[0.849s] running install
[0.850s] running install_lib
[0.853s] running install_data
[0.854s] running install_egg_info
[0.855s] removing '/home/soo/turtlebot3_ws/install/turtlebot3_example/lib/python3.10/site-packages/turtlebot3_example-2.2.0-py3.10.egg-info' (and everything under it)
[0.855s] Copying ../../../build/turtlebot3_example/turtlebot3_example.egg-info to /home/soo/turtlebot3_ws/install/turtlebot3_example/lib/python3.10/site-packages/turtlebot3_example-2.2.0-py3.10.egg-info
[0.856s] running install_scripts
[0.872s] Installing turtlebot3_obstacle_detection script to /home/soo/turtlebot3_ws/install/turtlebot3_example/lib/turtlebot3_example
[0.872s] Installing turtlebot3_patrol_client script to /home/soo/turtlebot3_ws/install/turtlebot3_example/lib/turtlebot3_example
[0.872s] Installing turtlebot3_patrol_server script to /home/soo/turtlebot3_ws/install/turtlebot3_example/lib/turtlebot3_example
[0.872s] Installing turtlebot3_position_control script to /home/soo/turtlebot3_ws/install/turtlebot3_example/lib/turtlebot3_example
[0.873s] writing list of installed files to '/home/soo/turtlebot3_ws/build/turtlebot3_example/install.log'
[0.888s] Invoked command in '/home/soo/turtlebot3_ws/src/turtlebot3/turtlebot3_example' returned '0': CMAKE_PREFIX_PATH=/home/soo/turtlebot3_ws/install/turtlebot3_msgs:/home/soo/turtlebot3_ws/install/turtlebot3:/home/soo/turtlebot3_ws/install/turtlebot3_simulations:/home/soo/turtlebot3_ws/install/turtlebot3_bringup:/home/soo/turtlebot3_ws/install/turtlebot3_node:/home/soo/turtlebot3_ws/install/turtlebot3_navigation2:/home/soo/turtlebot3_ws/install/turtlebot3_fake_node:/home/soo/turtlebot3_ws/install/turtlebot3_gazebo:/home/soo/turtlebot3_ws/install/turtlebot3_description:/home/soo/turtlebot3_ws/install/turtlebot3_cartographer LD_LIBRARY_PATH=/home/soo/turtlebot3_ws/install/turtlebot3_msgs/lib:/usr/lib/x86_64-linux-gnu/gazebo-11/plugins:/opt/ros/humble/opt/rviz_ogre_vendor/lib:/opt/ros/humble/lib/x86_64-linux-gnu:/opt/ros/humble/lib:/usr/lib/x86_64-linux-gnu/gazebo-11/plugins PYTHONPATH=/home/soo/turtlebot3_ws/build/turtlebot3_example/prefix_override:/usr/lib/python3/dist-packages/colcon_core/task/python/colcon_distutils_commands:/home/soo/turtlebot3_ws/install/turtlebot3_example/lib/python3.10/site-packages:${PYTHONPATH} /usr/bin/python3 -W ignore:setup.py install is deprecated -W ignore:easy_install command is deprecated setup.py egg_info --egg-base ../../../build/turtlebot3_example build --build-base /home/soo/turtlebot3_ws/build/turtlebot3_example/build install --record /home/soo/turtlebot3_ws/build/turtlebot3_example/install.log --single-version-externally-managed install_data
