[0.013s] Invoking command in '/home/soo/turtlebot3_ws/build/turtlebot3_node': AMENT_PREFIX_PATH=/home/soo/turtlebot3_ws/install/turtlebot3_msgs:${AMENT_PREFIX_PATH} CMAKE_PREFIX_PATH=/home/soo/turtlebot3_ws/install/turtlebot3_msgs:/opt/ros/humble LD_LIBRARY_PATH=/home/soo/turtlebot3_ws/install/turtlebot3_msgs/lib:/usr/lib/x86_64-linux-gnu/gazebo-11/plugins:/opt/ros/humble/opt/rviz_ogre_vendor/lib:/opt/ros/humble/lib/x86_64-linux-gnu:/opt/ros/humble/lib:/usr/lib/x86_64-linux-gnu/gazebo-11/plugins PYTHONPATH=/home/soo/turtlebot3_ws/install/turtlebot3_msgs/local/lib/python3.10/dist-packages:${PYTHONPATH} /usr/bin/cmake /home/soo/turtlebot3_ws/src/turtlebot3/turtlebot3_node -DCMAKE_INSTALL_PREFIX=/home/soo/turtlebot3_ws/install/turtlebot3_node
[0.298s] -- The C compiler identification is GNU 11.4.0
[0.298s] -- The CXX compiler identification is GNU 11.4.0
[0.298s] -- Detecting C compiler ABI info
[0.298s] -- Detecting C compiler ABI info - done
[0.299s] -- Check for working C compiler: /usr/bin/cc - skipped
[0.300s] -- Detecting C compile features
[0.301s] -- Detecting C compile features - done
[0.301s] -- Detecting CXX compiler ABI info
[0.301s] -- Detecting CXX compiler ABI info - done
[0.302s] -- Check for working CXX compiler: /usr/bin/c++ - skipped
[0.302s] -- Detecting CXX compile features
[0.302s] -- Detecting CXX compile features - done
[0.303s] -- Found ament_cmake: 1.3.11 (/opt/ros/humble/share/ament_cmake/cmake)
[0.407s] -- Found Python3: /usr/bin/python3 (found version "3.10.12") found components: Interpreter 
[0.498s] [31mCMake Error at CMakeLists.txt:19 (find_package):
[0.498s]   By not providing "Finddynamixel_sdk.cmake" in CMAKE_MODULE_PATH this
[0.499s]   project has asked CMake to find a package configuration file provided by
[0.499s]   "dynamixel_sdk", but CMake did not find one.
[0.499s] 
[0.499s]   Could not find a package configuration file provided by "dynamixel_sdk"
[0.499s]   with any of the following names:
[0.499s] 
[0.499s]     dynamixel_sdkConfig.cmake
[0.499s]     dynamixel_sdk-config.cmake
[0.499s] 
[0.499s]   Add the installation prefix of "dynamixel_sdk" to CMAKE_PREFIX_PATH or set
[0.499s]   "dynamixel_sdk_DIR" to a directory containing one of the above files.  If
[0.499s]   "dynamixel_sdk" provides a separate development package or SDK, be sure it
[0.499s]   has been installed.
[0.499s] 
[0.500s] [0m
[0.500s] -- Configuring incomplete, errors occurred!
[0.500s] See also "/home/soo/turtlebot3_ws/build/turtlebot3_node/CMakeFiles/CMakeOutput.log".
[0.503s] Invoked command in '/home/soo/turtlebot3_ws/build/turtlebot3_node' returned '1': AMENT_PREFIX_PATH=/home/soo/turtlebot3_ws/install/turtlebot3_msgs:${AMENT_PREFIX_PATH} CMAKE_PREFIX_PATH=/home/soo/turtlebot3_ws/install/turtlebot3_msgs:/opt/ros/humble LD_LIBRARY_PATH=/home/soo/turtlebot3_ws/install/turtlebot3_msgs/lib:/usr/lib/x86_64-linux-gnu/gazebo-11/plugins:/opt/ros/humble/opt/rviz_ogre_vendor/lib:/opt/ros/humble/lib/x86_64-linux-gnu:/opt/ros/humble/lib:/usr/lib/x86_64-linux-gnu/gazebo-11/plugins PYTHONPATH=/home/soo/turtlebot3_ws/install/turtlebot3_msgs/local/lib/python3.10/dist-packages:${PYTHONPATH} /usr/bin/cmake /home/soo/turtlebot3_ws/src/turtlebot3/turtlebot3_node -DCMAKE_INSTALL_PREFIX=/home/soo/turtlebot3_ws/install/turtlebot3_node
