[0.023s] Invoking command in '/home/soo/turtlebot3_ws/build/turtlebot3_navigation2': CMAKE_PREFIX_PATH=/opt/ros/humble /usr/bin/cmake --build /home/soo/turtlebot3_ws/build/turtlebot3_navigation2 -- -j16 -l16
[0.501s] Invoked command in '/home/soo/turtlebot3_ws/build/turtlebot3_navigation2' returned '0': CMAKE_PREFIX_PATH=/opt/ros/humble /usr/bin/cmake --build /home/soo/turtlebot3_ws/build/turtlebot3_navigation2 -- -j16 -l16
[0.509s] Invoking command in '/home/soo/turtlebot3_ws/build/turtlebot3_navigation2': CMAKE_PREFIX_PATH=/opt/ros/humble /usr/bin/cmake --install /home/soo/turtlebot3_ws/build/turtlebot3_navigation2
[0.516s] -- Install configuration: ""
[0.517s] -- Up-to-date: /home/soo/turtlebot3_ws/install/turtlebot3_navigation2/share/turtlebot3_navigation2/launch
[0.518s] -- Up-to-date: /home/soo/turtlebot3_ws/install/turtlebot3_navigation2/share/turtlebot3_navigation2/launch/navigation2.launch.py
[0.519s] -- Up-to-date: /home/soo/turtlebot3_ws/install/turtlebot3_navigation2/share/turtlebot3_navigation2/map
[0.519s] -- Up-to-date: /home/soo/turtlebot3_ws/install/turtlebot3_navigation2/share/turtlebot3_navigation2/map/map.yaml
[0.520s] -- Up-to-date: /home/soo/turtlebot3_ws/install/turtlebot3_navigation2/share/turtlebot3_navigation2/map/map.pgm
[0.521s] -- Up-to-date: /home/soo/turtlebot3_ws/install/turtlebot3_navigation2/share/turtlebot3_navigation2/param
[0.521s] -- Up-to-date: /home/soo/turtlebot3_ws/install/turtlebot3_navigation2/share/turtlebot3_navigation2/param/waffle_pi.yaml
[0.522s] -- Up-to-date: /home/soo/turtlebot3_ws/install/turtlebot3_navigation2/share/turtlebot3_navigation2/param/waffle.yaml
[0.522s] -- Up-to-date: /home/soo/turtlebot3_ws/install/turtlebot3_navigation2/share/turtlebot3_navigation2/param/burger.yaml
[0.523s] -- Up-to-date: /home/soo/turtlebot3_ws/install/turtlebot3_navigation2/share/turtlebot3_navigation2/rviz
[0.524s] -- Up-to-date: /home/soo/turtlebot3_ws/install/turtlebot3_navigation2/share/turtlebot3_navigation2/rviz/tb3_navigation2.rviz
[0.525s] -- Up-to-date: /home/soo/turtlebot3_ws/install/turtlebot3_navigation2/share/ament_index/resource_index/package_run_dependencies/turtlebot3_navigation2
[0.525s] -- Up-to-date: /home/soo/turtlebot3_ws/install/turtlebot3_navigation2/share/ament_index/resource_index/parent_prefix_path/turtlebot3_navigation2
[0.525s] -- Up-to-date: /home/soo/turtlebot3_ws/install/turtlebot3_navigation2/share/turtlebot3_navigation2/environment/ament_prefix_path.sh
[0.525s] -- Up-to-date: /home/soo/turtlebot3_ws/install/turtlebot3_navigation2/share/turtlebot3_navigation2/environment/ament_prefix_path.dsv
[0.526s] -- Up-to-date: /home/soo/turtlebot3_ws/install/turtlebot3_navigation2/share/turtlebot3_navigation2/environment/path.sh
[0.526s] -- Up-to-date: /home/soo/turtlebot3_ws/install/turtlebot3_navigation2/share/turtlebot3_navigation2/environment/path.dsv
[0.526s] -- Up-to-date: /home/soo/turtlebot3_ws/install/turtlebot3_navigation2/share/turtlebot3_navigation2/local_setup.bash
[0.526s] -- Up-to-date: /home/soo/turtlebot3_ws/install/turtlebot3_navigation2/share/turtlebot3_navigation2/local_setup.sh
[0.526s] -- Up-to-date: /home/soo/turtlebot3_ws/install/turtlebot3_navigation2/share/turtlebot3_navigation2/local_setup.zsh
[0.526s] -- Up-to-date: /home/soo/turtlebot3_ws/install/turtlebot3_navigation2/share/turtlebot3_navigation2/local_setup.dsv
[0.526s] -- Installing: /home/soo/turtlebot3_ws/install/turtlebot3_navigation2/share/turtlebot3_navigation2/package.dsv
[0.526s] -- Up-to-date: /home/soo/turtlebot3_ws/install/turtlebot3_navigation2/share/ament_index/resource_index/packages/turtlebot3_navigation2
[0.527s] -- Up-to-date: /home/soo/turtlebot3_ws/install/turtlebot3_navigation2/share/turtlebot3_navigation2/cmake/turtlebot3_navigation2Config.cmake
[0.527s] -- Up-to-date: /home/soo/turtlebot3_ws/install/turtlebot3_navigation2/share/turtlebot3_navigation2/cmake/turtlebot3_navigation2Config-version.cmake
[0.527s] -- Up-to-date: /home/soo/turtlebot3_ws/install/turtlebot3_navigation2/share/turtlebot3_navigation2/package.xml
[0.572s] Invoked command in '/home/soo/turtlebot3_ws/build/turtlebot3_navigation2' returned '0': CMAKE_PREFIX_PATH=/opt/ros/humble /usr/bin/cmake --install /home/soo/turtlebot3_ws/build/turtlebot3_navigation2
