[0.011s] Invoking command in '/home/soo/turtlebot3_ws/build/turtlebot3_node': AMENT_PREFIX_PATH=/home/soo/turtlebot3_ws/install/turtlebot3_msgs:${AMENT_PREFIX_PATH} CMAKE_PREFIX_PATH=/home/soo/turtlebot3_ws/install/turtlebot3_msgs:/opt/ros/humble LD_LIBRARY_PATH=/home/soo/turtlebot3_ws/install/turtlebot3_msgs/lib:/usr/lib/x86_64-linux-gnu/gazebo-11/plugins:/opt/ros/humble/opt/rviz_ogre_vendor/lib:/opt/ros/humble/lib/x86_64-linux-gnu:/opt/ros/humble/lib:/usr/lib/x86_64-linux-gnu/gazebo-11/plugins PYTHONPATH=/home/soo/turtlebot3_ws/install/turtlebot3_msgs/local/lib/python3.10/dist-packages:${PYTHONPATH} /usr/bin/cmake /home/soo/turtlebot3_ws/src/turtlebot3/turtlebot3_node -DCMAKE_INSTALL_PREFIX=/home/soo/turtlebot3_ws/install/turtlebot3_node
[0.255s] -- Found ament_cmake: 1.3.11 (/opt/ros/humble/share/ament_cmake/cmake)
[0.255s] -- Configuring incomplete, errors occurred!
[0.255s] See also "/home/soo/turtlebot3_ws/build/turtlebot3_node/CMakeFiles/CMakeOutput.log".
[0.255s] [31mCMake Error at CMakeLists.txt:19 (find_package):
[0.255s]   By not providing "Finddynamixel_sdk.cmake" in CMAKE_MODULE_PATH this
[0.255s]   project has asked CMake to find a package configuration file provided by
[0.255s]   "dynamixel_sdk", but CMake did not find one.
[0.255s] 
[0.255s]   Could not find a package configuration file provided by "dynamixel_sdk"
[0.256s]   with any of the following names:
[0.256s] 
[0.256s]     dynamixel_sdkConfig.cmake
[0.256s]     dynamixel_sdk-config.cmake
[0.256s] 
[0.256s]   Add the installation prefix of "dynamixel_sdk" to CMAKE_PREFIX_PATH or set
[0.256s]   "dynamixel_sdk_DIR" to a directory containing one of the above files.  If
[0.256s]   "dynamixel_sdk" provides a separate development package or SDK, be sure it
[0.256s]   has been installed.
[0.256s] 
[0.256s] [0m
[0.263s] Invoked command in '/home/soo/turtlebot3_ws/build/turtlebot3_node' returned '1': AMENT_PREFIX_PATH=/home/soo/turtlebot3_ws/install/turtlebot3_msgs:${AMENT_PREFIX_PATH} CMAKE_PREFIX_PATH=/home/soo/turtlebot3_ws/install/turtlebot3_msgs:/opt/ros/humble LD_LIBRARY_PATH=/home/soo/turtlebot3_ws/install/turtlebot3_msgs/lib:/usr/lib/x86_64-linux-gnu/gazebo-11/plugins:/opt/ros/humble/opt/rviz_ogre_vendor/lib:/opt/ros/humble/lib/x86_64-linux-gnu:/opt/ros/humble/lib:/usr/lib/x86_64-linux-gnu/gazebo-11/plugins PYTHONPATH=/home/soo/turtlebot3_ws/install/turtlebot3_msgs/local/lib/python3.10/dist-packages:${PYTHONPATH} /usr/bin/cmake /home/soo/turtlebot3_ws/src/turtlebot3/turtlebot3_node -DCMAKE_INSTALL_PREFIX=/home/soo/turtlebot3_ws/install/turtlebot3_node
