[0.010s] Invoking command in '/home/soo/turtlebot3_ws/build/turtlebot3': AMENT_PREFIX_PATH=/home/soo/turtlebot3_ws/install/turtlebot3_bringup:/home/soo/turtlebot3_ws/install/turtlebot3_node:/home/soo/turtlebot3_ws/install/turtlebot3_example:/home/soo/turtlebot3_ws/install/turtlebot3_teleop:/home/soo/turtlebot3_ws/install/turtlebot3_navigation2:/home/soo/turtlebot3_ws/install/turtlebot3_msgs:/home/soo/turtlebot3_ws/install/turtlebot3_description:/home/soo/turtlebot3_ws/install/turtlebot3_cartographer:${AMENT_PREFIX_PATH} CMAKE_PREFIX_PATH=/home/soo/turtlebot3_ws/install/turtlebot3_bringup:/home/soo/turtlebot3_ws/install/turtlebot3_node:/home/soo/turtlebot3_ws/install/turtlebot3_navigation2:/home/soo/turtlebot3_ws/install/turtlebot3_msgs:/home/soo/turtlebot3_ws/install/turtlebot3_description:/home/soo/turtlebot3_ws/install/turtlebot3_cartographer:/opt/ros/humble LD_LIBRARY_PATH=/home/soo/turtlebot3_ws/install/turtlebot3_msgs/lib:/usr/lib/x86_64-linux-gnu/gazebo-11/plugins:/opt/ros/humble/opt/rviz_ogre_vendor/lib:/opt/ros/humble/lib/x86_64-linux-gnu:/opt/ros/humble/lib:/usr/lib/x86_64-linux-gnu/gazebo-11/plugins PYTHONPATH=/home/soo/turtlebot3_ws/install/turtlebot3_example/lib/python3.10/site-packages:/home/soo/turtlebot3_ws/install/turtlebot3_teleop/lib/python3.10/site-packages:/home/soo/turtlebot3_ws/install/turtlebot3_msgs/local/lib/python3.10/dist-packages:${PYTHONPATH} /usr/bin/cmake /home/soo/turtlebot3_ws/src/turtlebot3/turtlebot3 -DCMAKE_INSTALL_PREFIX=/home/soo/turtlebot3_ws/install/turtlebot3
[0.048s] -- The C compiler identification is GNU 11.4.0
[0.087s] -- The CXX compiler identification is GNU 11.4.0
[0.092s] -- Detecting C compiler ABI info
[0.143s] -- Detecting C compiler ABI info - done
[0.150s] -- Check for working C compiler: /usr/bin/cc - skipped
[0.150s] -- Detecting C compile features
[0.150s] -- Detecting C compile features - done
[0.153s] -- Detecting CXX compiler ABI info
[0.224s] -- Detecting CXX compiler ABI info - done
[0.230s] -- Check for working CXX compiler: /usr/bin/c++ - skipped
[0.230s] -- Detecting CXX compile features
[0.230s] -- Detecting CXX compile features - done
[0.232s] -- Found ament_cmake: 1.3.11 (/opt/ros/humble/share/ament_cmake/cmake)
[0.329s] -- Found Python3: /usr/bin/python3 (found version "3.10.12") found components: Interpreter 
[0.456s] -- Configuring done
[0.458s] -- Generating done
[0.459s] -- Build files have been written to: /home/soo/turtlebot3_ws/build/turtlebot3
[0.463s] Invoked command in '/home/soo/turtlebot3_ws/build/turtlebot3' returned '0': AMENT_PREFIX_PATH=/home/soo/turtlebot3_ws/install/turtlebot3_bringup:/home/soo/turtlebot3_ws/install/turtlebot3_node:/home/soo/turtlebot3_ws/install/turtlebot3_example:/home/soo/turtlebot3_ws/install/turtlebot3_teleop:/home/soo/turtlebot3_ws/install/turtlebot3_navigation2:/home/soo/turtlebot3_ws/install/turtlebot3_msgs:/home/soo/turtlebot3_ws/install/turtlebot3_description:/home/soo/turtlebot3_ws/install/turtlebot3_cartographer:${AMENT_PREFIX_PATH} CMAKE_PREFIX_PATH=/home/soo/turtlebot3_ws/install/turtlebot3_bringup:/home/soo/turtlebot3_ws/install/turtlebot3_node:/home/soo/turtlebot3_ws/install/turtlebot3_navigation2:/home/soo/turtlebot3_ws/install/turtlebot3_msgs:/home/soo/turtlebot3_ws/install/turtlebot3_description:/home/soo/turtlebot3_ws/install/turtlebot3_cartographer:/opt/ros/humble LD_LIBRARY_PATH=/home/soo/turtlebot3_ws/install/turtlebot3_msgs/lib:/usr/lib/x86_64-linux-gnu/gazebo-11/plugins:/opt/ros/humble/opt/rviz_ogre_vendor/lib:/opt/ros/humble/lib/x86_64-linux-gnu:/opt/ros/humble/lib:/usr/lib/x86_64-linux-gnu/gazebo-11/plugins PYTHONPATH=/home/soo/turtlebot3_ws/install/turtlebot3_example/lib/python3.10/site-packages:/home/soo/turtlebot3_ws/install/turtlebot3_teleop/lib/python3.10/site-packages:/home/soo/turtlebot3_ws/install/turtlebot3_msgs/local/lib/python3.10/dist-packages:${PYTHONPATH} /usr/bin/cmake /home/soo/turtlebot3_ws/src/turtlebot3/turtlebot3 -DCMAKE_INSTALL_PREFIX=/home/soo/turtlebot3_ws/install/turtlebot3
[0.464s] Invoking command in '/home/soo/turtlebot3_ws/build/turtlebot3': AMENT_PREFIX_PATH=/home/soo/turtlebot3_ws/install/turtlebot3_bringup:/home/soo/turtlebot3_ws/install/turtlebot3_node:/home/soo/turtlebot3_ws/install/turtlebot3_example:/home/soo/turtlebot3_ws/install/turtlebot3_teleop:/home/soo/turtlebot3_ws/install/turtlebot3_navigation2:/home/soo/turtlebot3_ws/install/turtlebot3_msgs:/home/soo/turtlebot3_ws/install/turtlebot3_description:/home/soo/turtlebot3_ws/install/turtlebot3_cartographer:${AMENT_PREFIX_PATH} CMAKE_PREFIX_PATH=/home/soo/turtlebot3_ws/install/turtlebot3_bringup:/home/soo/turtlebot3_ws/install/turtlebot3_node:/home/soo/turtlebot3_ws/install/turtlebot3_navigation2:/home/soo/turtlebot3_ws/install/turtlebot3_msgs:/home/soo/turtlebot3_ws/install/turtlebot3_description:/home/soo/turtlebot3_ws/install/turtlebot3_cartographer:/opt/ros/humble LD_LIBRARY_PATH=/home/soo/turtlebot3_ws/install/turtlebot3_msgs/lib:/usr/lib/x86_64-linux-gnu/gazebo-11/plugins:/opt/ros/humble/opt/rviz_ogre_vendor/lib:/opt/ros/humble/lib/x86_64-linux-gnu:/opt/ros/humble/lib:/usr/lib/x86_64-linux-gnu/gazebo-11/plugins PYTHONPATH=/home/soo/turtlebot3_ws/install/turtlebot3_example/lib/python3.10/site-packages:/home/soo/turtlebot3_ws/install/turtlebot3_teleop/lib/python3.10/site-packages:/home/soo/turtlebot3_ws/install/turtlebot3_msgs/local/lib/python3.10/dist-packages:${PYTHONPATH} /usr/bin/cmake --build /home/soo/turtlebot3_ws/build/turtlebot3 -- -j16 -l16
[0.488s] Invoked command in '/home/soo/turtlebot3_ws/build/turtlebot3' returned '0': AMENT_PREFIX_PATH=/home/soo/turtlebot3_ws/install/turtlebot3_bringup:/home/soo/turtlebot3_ws/install/turtlebot3_node:/home/soo/turtlebot3_ws/install/turtlebot3_example:/home/soo/turtlebot3_ws/install/turtlebot3_teleop:/home/soo/turtlebot3_ws/install/turtlebot3_navigation2:/home/soo/turtlebot3_ws/install/turtlebot3_msgs:/home/soo/turtlebot3_ws/install/turtlebot3_description:/home/soo/turtlebot3_ws/install/turtlebot3_cartographer:${AMENT_PREFIX_PATH} CMAKE_PREFIX_PATH=/home/soo/turtlebot3_ws/install/turtlebot3_bringup:/home/soo/turtlebot3_ws/install/turtlebot3_node:/home/soo/turtlebot3_ws/install/turtlebot3_navigation2:/home/soo/turtlebot3_ws/install/turtlebot3_msgs:/home/soo/turtlebot3_ws/install/turtlebot3_description:/home/soo/turtlebot3_ws/install/turtlebot3_cartographer:/opt/ros/humble LD_LIBRARY_PATH=/home/soo/turtlebot3_ws/install/turtlebot3_msgs/lib:/usr/lib/x86_64-linux-gnu/gazebo-11/plugins:/opt/ros/humble/opt/rviz_ogre_vendor/lib:/opt/ros/humble/lib/x86_64-linux-gnu:/opt/ros/humble/lib:/usr/lib/x86_64-linux-gnu/gazebo-11/plugins PYTHONPATH=/home/soo/turtlebot3_ws/install/turtlebot3_example/lib/python3.10/site-packages:/home/soo/turtlebot3_ws/install/turtlebot3_teleop/lib/python3.10/site-packages:/home/soo/turtlebot3_ws/install/turtlebot3_msgs/local/lib/python3.10/dist-packages:${PYTHONPATH} /usr/bin/cmake --build /home/soo/turtlebot3_ws/build/turtlebot3 -- -j16 -l16
[0.489s] Invoking command in '/home/soo/turtlebot3_ws/build/turtlebot3': AMENT_PREFIX_PATH=/home/soo/turtlebot3_ws/install/turtlebot3_bringup:/home/soo/turtlebot3_ws/install/turtlebot3_node:/home/soo/turtlebot3_ws/install/turtlebot3_example:/home/soo/turtlebot3_ws/install/turtlebot3_teleop:/home/soo/turtlebot3_ws/install/turtlebot3_navigation2:/home/soo/turtlebot3_ws/install/turtlebot3_msgs:/home/soo/turtlebot3_ws/install/turtlebot3_description:/home/soo/turtlebot3_ws/install/turtlebot3_cartographer:${AMENT_PREFIX_PATH} CMAKE_PREFIX_PATH=/home/soo/turtlebot3_ws/install/turtlebot3_bringup:/home/soo/turtlebot3_ws/install/turtlebot3_node:/home/soo/turtlebot3_ws/install/turtlebot3_navigation2:/home/soo/turtlebot3_ws/install/turtlebot3_msgs:/home/soo/turtlebot3_ws/install/turtlebot3_description:/home/soo/turtlebot3_ws/install/turtlebot3_cartographer:/opt/ros/humble LD_LIBRARY_PATH=/home/soo/turtlebot3_ws/install/turtlebot3_msgs/lib:/usr/lib/x86_64-linux-gnu/gazebo-11/plugins:/opt/ros/humble/opt/rviz_ogre_vendor/lib:/opt/ros/humble/lib/x86_64-linux-gnu:/opt/ros/humble/lib:/usr/lib/x86_64-linux-gnu/gazebo-11/plugins PYTHONPATH=/home/soo/turtlebot3_ws/install/turtlebot3_example/lib/python3.10/site-packages:/home/soo/turtlebot3_ws/install/turtlebot3_teleop/lib/python3.10/site-packages:/home/soo/turtlebot3_ws/install/turtlebot3_msgs/local/lib/python3.10/dist-packages:${PYTHONPATH} /usr/bin/cmake --install /home/soo/turtlebot3_ws/build/turtlebot3
[0.494s] -- Install configuration: ""
[0.494s] -- Installing: /home/soo/turtlebot3_ws/install/turtlebot3/share/ament_index/resource_index/package_run_dependencies/turtlebot3
[0.494s] -- Installing: /home/soo/turtlebot3_ws/install/turtlebot3/share/ament_index/resource_index/parent_prefix_path/turtlebot3
[0.494s] -- Installing: /home/soo/turtlebot3_ws/install/turtlebot3/share/turtlebot3/environment/ament_prefix_path.sh
[0.494s] -- Installing: /home/soo/turtlebot3_ws/install/turtlebot3/share/turtlebot3/environment/ament_prefix_path.dsv
[0.494s] -- Installing: /home/soo/turtlebot3_ws/install/turtlebot3/share/turtlebot3/environment/path.sh
[0.495s] -- Installing: /home/soo/turtlebot3_ws/install/turtlebot3/share/turtlebot3/environment/path.dsv
[0.495s] -- Installing: /home/soo/turtlebot3_ws/install/turtlebot3/share/turtlebot3/local_setup.bash
[0.495s] -- Installing: /home/soo/turtlebot3_ws/install/turtlebot3/share/turtlebot3/local_setup.sh
[0.495s] -- Installing: /home/soo/turtlebot3_ws/install/turtlebot3/share/turtlebot3/local_setup.zsh
[0.495s] -- Installing: /home/soo/turtlebot3_ws/install/turtlebot3/share/turtlebot3/local_setup.dsv
[0.495s] -- Installing: /home/soo/turtlebot3_ws/install/turtlebot3/share/turtlebot3/package.dsv
[0.495s] -- Installing: /home/soo/turtlebot3_ws/install/turtlebot3/share/ament_index/resource_index/packages/turtlebot3
[0.495s] -- Installing: /home/soo/turtlebot3_ws/install/turtlebot3/share/turtlebot3/cmake/turtlebot3Config.cmake
[0.495s] -- Installing: /home/soo/turtlebot3_ws/install/turtlebot3/share/turtlebot3/cmake/turtlebot3Config-version.cmake
[0.495s] -- Installing: /home/soo/turtlebot3_ws/install/turtlebot3/share/turtlebot3/package.xml
[0.497s] Invoked command in '/home/soo/turtlebot3_ws/build/turtlebot3' returned '0': AMENT_PREFIX_PATH=/home/soo/turtlebot3_ws/install/turtlebot3_bringup:/home/soo/turtlebot3_ws/install/turtlebot3_node:/home/soo/turtlebot3_ws/install/turtlebot3_example:/home/soo/turtlebot3_ws/install/turtlebot3_teleop:/home/soo/turtlebot3_ws/install/turtlebot3_navigation2:/home/soo/turtlebot3_ws/install/turtlebot3_msgs:/home/soo/turtlebot3_ws/install/turtlebot3_description:/home/soo/turtlebot3_ws/install/turtlebot3_cartographer:${AMENT_PREFIX_PATH} CMAKE_PREFIX_PATH=/home/soo/turtlebot3_ws/install/turtlebot3_bringup:/home/soo/turtlebot3_ws/install/turtlebot3_node:/home/soo/turtlebot3_ws/install/turtlebot3_navigation2:/home/soo/turtlebot3_ws/install/turtlebot3_msgs:/home/soo/turtlebot3_ws/install/turtlebot3_description:/home/soo/turtlebot3_ws/install/turtlebot3_cartographer:/opt/ros/humble LD_LIBRARY_PATH=/home/soo/turtlebot3_ws/install/turtlebot3_msgs/lib:/usr/lib/x86_64-linux-gnu/gazebo-11/plugins:/opt/ros/humble/opt/rviz_ogre_vendor/lib:/opt/ros/humble/lib/x86_64-linux-gnu:/opt/ros/humble/lib:/usr/lib/x86_64-linux-gnu/gazebo-11/plugins PYTHONPATH=/home/soo/turtlebot3_ws/install/turtlebot3_example/lib/python3.10/site-packages:/home/soo/turtlebot3_ws/install/turtlebot3_teleop/lib/python3.10/site-packages:/home/soo/turtlebot3_ws/install/turtlebot3_msgs/local/lib/python3.10/dist-packages:${PYTHONPATH} /usr/bin/cmake --install /home/soo/turtlebot3_ws/build/turtlebot3
