[0.015s] Invoking command in '/home/soo/turtlebot3_ws/build/turtlebot3_node': CMAKE_PREFIX_PATH=/home/soo/turtlebot3_ws/install/turtlebot3_msgs:/home/soo/turtlebot3_ws/install/turtlebot3:/home/soo/turtlebot3_ws/install/turtlebot3_simulations:/home/soo/turtlebot3_ws/install/turtlebot3_bringup:/home/soo/turtlebot3_ws/install/turtlebot3_node:/home/soo/turtlebot3_ws/install/turtlebot3_navigation2:/home/soo/turtlebot3_ws/install/turtlebot3_fake_node:/home/soo/turtlebot3_ws/install/turtlebot3_gazebo:/home/soo/turtlebot3_ws/install/turtlebot3_description:/home/soo/turtlebot3_ws/install/turtlebot3_cartographer:/home/soo/turtlebot3_ws/install/turtlebot3_teleop:/home/soo/turtlebot3_ws/install/turtlebot3_example:/home/soo/turtlebot3_ws/install/my_package:/opt/ros/humble LD_LIBRARY_PATH=/home/soo/turtlebot3_ws/install/turtlebot3_msgs/lib:/usr/lib/x86_64-linux-gnu/gazebo-11/plugins:/opt/ros/humble/opt/rviz_ogre_vendor/lib:/opt/ros/humble/lib/x86_64-linux-gnu:/opt/ros/humble/lib:/usr/lib/x86_64-linux-gnu/gazebo-11/plugins /usr/bin/cmake --build /home/soo/turtlebot3_ws/build/turtlebot3_node -- -j16 -l16
[0.273s] [35m[1mConsolidate compiler generated dependencies of target turtlebot3_node_lib[0m
[0.273s] [ 85%] Built target turtlebot3_node_lib
[0.273s] [35m[1mConsolidate compiler generated dependencies of target turtlebot3_ros[0m
[0.273s] [100%] Built target turtlebot3_ros
[0.279s] Invoked command in '/home/soo/turtlebot3_ws/build/turtlebot3_node' returned '0': CMAKE_PREFIX_PATH=/home/soo/turtlebot3_ws/install/turtlebot3_msgs:/home/soo/turtlebot3_ws/install/turtlebot3:/home/soo/turtlebot3_ws/install/turtlebot3_simulations:/home/soo/turtlebot3_ws/install/turtlebot3_bringup:/home/soo/turtlebot3_ws/install/turtlebot3_node:/home/soo/turtlebot3_ws/install/turtlebot3_navigation2:/home/soo/turtlebot3_ws/install/turtlebot3_fake_node:/home/soo/turtlebot3_ws/install/turtlebot3_gazebo:/home/soo/turtlebot3_ws/install/turtlebot3_description:/home/soo/turtlebot3_ws/install/turtlebot3_cartographer:/home/soo/turtlebot3_ws/install/turtlebot3_teleop:/home/soo/turtlebot3_ws/install/turtlebot3_example:/home/soo/turtlebot3_ws/install/my_package:/opt/ros/humble LD_LIBRARY_PATH=/home/soo/turtlebot3_ws/install/turtlebot3_msgs/lib:/usr/lib/x86_64-linux-gnu/gazebo-11/plugins:/opt/ros/humble/opt/rviz_ogre_vendor/lib:/opt/ros/humble/lib/x86_64-linux-gnu:/opt/ros/humble/lib:/usr/lib/x86_64-linux-gnu/gazebo-11/plugins /usr/bin/cmake --build /home/soo/turtlebot3_ws/build/turtlebot3_node -- -j16 -l16
[0.280s] Invoking command in '/home/soo/turtlebot3_ws/build/turtlebot3_node': CMAKE_PREFIX_PATH=/home/soo/turtlebot3_ws/install/turtlebot3_msgs:/home/soo/turtlebot3_ws/install/turtlebot3:/home/soo/turtlebot3_ws/install/turtlebot3_simulations:/home/soo/turtlebot3_ws/install/turtlebot3_bringup:/home/soo/turtlebot3_ws/install/turtlebot3_node:/home/soo/turtlebot3_ws/install/turtlebot3_navigation2:/home/soo/turtlebot3_ws/install/turtlebot3_fake_node:/home/soo/turtlebot3_ws/install/turtlebot3_gazebo:/home/soo/turtlebot3_ws/install/turtlebot3_description:/home/soo/turtlebot3_ws/install/turtlebot3_cartographer:/home/soo/turtlebot3_ws/install/turtlebot3_teleop:/home/soo/turtlebot3_ws/install/turtlebot3_example:/home/soo/turtlebot3_ws/install/my_package:/opt/ros/humble LD_LIBRARY_PATH=/home/soo/turtlebot3_ws/install/turtlebot3_msgs/lib:/usr/lib/x86_64-linux-gnu/gazebo-11/plugins:/opt/ros/humble/opt/rviz_ogre_vendor/lib:/opt/ros/humble/lib/x86_64-linux-gnu:/opt/ros/humble/lib:/usr/lib/x86_64-linux-gnu/gazebo-11/plugins /usr/bin/cmake --install /home/soo/turtlebot3_ws/build/turtlebot3_node
[0.286s] -- Install configuration: ""
[0.286s] -- Up-to-date: /home/soo/turtlebot3_ws/install/turtlebot3_node/share/turtlebot3_node/param
[0.286s] -- Up-to-date: /home/soo/turtlebot3_ws/install/turtlebot3_node/share/turtlebot3_node/param/waffle_pi.yaml
[0.286s] -- Up-to-date: /home/soo/turtlebot3_ws/install/turtlebot3_node/share/turtlebot3_node/param/waffle.yaml
[0.286s] -- Up-to-date: /home/soo/turtlebot3_ws/install/turtlebot3_node/share/turtlebot3_node/param/burger.yaml
[0.287s] -- Up-to-date: /home/soo/turtlebot3_ws/install/turtlebot3_node/lib/turtlebot3_node/turtlebot3_ros
[0.287s] -- Up-to-date: /home/soo/turtlebot3_ws/install/turtlebot3_node/share/ament_index/resource_index/package_run_dependencies/turtlebot3_node
[0.288s] -- Up-to-date: /home/soo/turtlebot3_ws/install/turtlebot3_node/share/ament_index/resource_index/parent_prefix_path/turtlebot3_node
[0.288s] -- Up-to-date: /home/soo/turtlebot3_ws/install/turtlebot3_node/share/turtlebot3_node/environment/ament_prefix_path.sh
[0.288s] -- Up-to-date: /home/soo/turtlebot3_ws/install/turtlebot3_node/share/turtlebot3_node/environment/ament_prefix_path.dsv
[0.288s] -- Up-to-date: /home/soo/turtlebot3_ws/install/turtlebot3_node/share/turtlebot3_node/environment/path.sh
[0.288s] -- Up-to-date: /home/soo/turtlebot3_ws/install/turtlebot3_node/share/turtlebot3_node/environment/path.dsv
[0.288s] -- Up-to-date: /home/soo/turtlebot3_ws/install/turtlebot3_node/share/turtlebot3_node/local_setup.bash
[0.288s] -- Up-to-date: /home/soo/turtlebot3_ws/install/turtlebot3_node/share/turtlebot3_node/local_setup.sh
[0.288s] -- Up-to-date: /home/soo/turtlebot3_ws/install/turtlebot3_node/share/turtlebot3_node/local_setup.zsh
[0.288s] -- Up-to-date: /home/soo/turtlebot3_ws/install/turtlebot3_node/share/turtlebot3_node/local_setup.dsv
[0.288s] -- Installing: /home/soo/turtlebot3_ws/install/turtlebot3_node/share/turtlebot3_node/package.dsv
[0.289s] -- Up-to-date: /home/soo/turtlebot3_ws/install/turtlebot3_node/share/ament_index/resource_index/packages/turtlebot3_node
[0.289s] -- Up-to-date: /home/soo/turtlebot3_ws/install/turtlebot3_node/share/turtlebot3_node/cmake/ament_cmake_export_include_directories-extras.cmake
[0.289s] -- Up-to-date: /home/soo/turtlebot3_ws/install/turtlebot3_node/share/turtlebot3_node/cmake/turtlebot3_nodeConfig.cmake
[0.289s] -- Up-to-date: /home/soo/turtlebot3_ws/install/turtlebot3_node/share/turtlebot3_node/cmake/turtlebot3_nodeConfig-version.cmake
[0.289s] -- Up-to-date: /home/soo/turtlebot3_ws/install/turtlebot3_node/share/turtlebot3_node/package.xml
[0.290s] Invoked command in '/home/soo/turtlebot3_ws/build/turtlebot3_node' returned '0': CMAKE_PREFIX_PATH=/home/soo/turtlebot3_ws/install/turtlebot3_msgs:/home/soo/turtlebot3_ws/install/turtlebot3:/home/soo/turtlebot3_ws/install/turtlebot3_simulations:/home/soo/turtlebot3_ws/install/turtlebot3_bringup:/home/soo/turtlebot3_ws/install/turtlebot3_node:/home/soo/turtlebot3_ws/install/turtlebot3_navigation2:/home/soo/turtlebot3_ws/install/turtlebot3_fake_node:/home/soo/turtlebot3_ws/install/turtlebot3_gazebo:/home/soo/turtlebot3_ws/install/turtlebot3_description:/home/soo/turtlebot3_ws/install/turtlebot3_cartographer:/home/soo/turtlebot3_ws/install/turtlebot3_teleop:/home/soo/turtlebot3_ws/install/turtlebot3_example:/home/soo/turtlebot3_ws/install/my_package:/opt/ros/humble LD_LIBRARY_PATH=/home/soo/turtlebot3_ws/install/turtlebot3_msgs/lib:/usr/lib/x86_64-linux-gnu/gazebo-11/plugins:/opt/ros/humble/opt/rviz_ogre_vendor/lib:/opt/ros/humble/lib/x86_64-linux-gnu:/opt/ros/humble/lib:/usr/lib/x86_64-linux-gnu/gazebo-11/plugins /usr/bin/cmake --install /home/soo/turtlebot3_ws/build/turtlebot3_node
