[0.028s] Invoking command in '/home/soo/turtlebot3_ws/build/turtlebot3_navigation2': CMAKE_PREFIX_PATH=${CMAKE_PREFIX_PATH}:/home/soo/turtlebot3_ws/install/turtlebot3_teleop:/home/soo/turtlebot3_ws/install/turtlebot3_example:/home/soo/turtlebot3_ws/install/my_package:/opt/ros/humble /usr/bin/cmake --build /home/soo/turtlebot3_ws/build/turtlebot3_navigation2 -- -j16 -l16
[0.536s] Invoked command in '/home/soo/turtlebot3_ws/build/turtlebot3_navigation2' returned '0': CMAKE_PREFIX_PATH=${CMAKE_PREFIX_PATH}:/home/soo/turtlebot3_ws/install/turtlebot3_teleop:/home/soo/turtlebot3_ws/install/turtlebot3_example:/home/soo/turtlebot3_ws/install/my_package:/opt/ros/humble /usr/bin/cmake --build /home/soo/turtlebot3_ws/build/turtlebot3_navigation2 -- -j16 -l16
[0.537s] Invoking command in '/home/soo/turtlebot3_ws/build/turtlebot3_navigation2': CMAKE_PREFIX_PATH=${CMAKE_PREFIX_PATH}:/home/soo/turtlebot3_ws/install/turtlebot3_teleop:/home/soo/turtlebot3_ws/install/turtlebot3_example:/home/soo/turtlebot3_ws/install/my_package:/opt/ros/humble /usr/bin/cmake --install /home/soo/turtlebot3_ws/build/turtlebot3_navigation2
[0.543s] -- Install configuration: ""
[0.543s] -- Up-to-date: /home/soo/turtlebot3_ws/install/turtlebot3_navigation2/share/turtlebot3_navigation2/launch
[0.546s] -- Up-to-date: /home/soo/turtlebot3_ws/install/turtlebot3_navigation2/share/turtlebot3_navigation2/launch/navigation2.launch.py
[0.547s] -- Up-to-date: /home/soo/turtlebot3_ws/install/turtlebot3_navigation2/share/turtlebot3_navigation2/map
[0.548s] -- Up-to-date: /home/soo/turtlebot3_ws/install/turtlebot3_navigation2/share/turtlebot3_navigation2/map/map.yaml
[0.548s] -- Up-to-date: /home/soo/turtlebot3_ws/install/turtlebot3_navigation2/share/turtlebot3_navigation2/map/map.pgm
[0.548s] -- Up-to-date: /home/soo/turtlebot3_ws/install/turtlebot3_navigation2/share/turtlebot3_navigation2/param
[0.548s] -- Up-to-date: /home/soo/turtlebot3_ws/install/turtlebot3_navigation2/share/turtlebot3_navigation2/param/waffle_pi.yaml
[0.549s] -- Up-to-date: /home/soo/turtlebot3_ws/install/turtlebot3_navigation2/share/turtlebot3_navigation2/param/waffle.yaml
[0.549s] -- Up-to-date: /home/soo/turtlebot3_ws/install/turtlebot3_navigation2/share/turtlebot3_navigation2/param/burger.yaml
[0.549s] -- Up-to-date: /home/soo/turtlebot3_ws/install/turtlebot3_navigation2/share/turtlebot3_navigation2/rviz
[0.549s] -- Up-to-date: /home/soo/turtlebot3_ws/install/turtlebot3_navigation2/share/turtlebot3_navigation2/rviz/tb3_navigation2.rviz
[0.549s] -- Up-to-date: /home/soo/turtlebot3_ws/install/turtlebot3_navigation2/share/ament_index/resource_index/package_run_dependencies/turtlebot3_navigation2
[0.550s] -- Up-to-date: /home/soo/turtlebot3_ws/install/turtlebot3_navigation2/share/ament_index/resource_index/parent_prefix_path/turtlebot3_navigation2
[0.550s] -- Up-to-date: /home/soo/turtlebot3_ws/install/turtlebot3_navigation2/share/turtlebot3_navigation2/environment/ament_prefix_path.sh
[0.550s] -- Up-to-date: /home/soo/turtlebot3_ws/install/turtlebot3_navigation2/share/turtlebot3_navigation2/environment/ament_prefix_path.dsv
[0.551s] -- Up-to-date: /home/soo/turtlebot3_ws/install/turtlebot3_navigation2/share/turtlebot3_navigation2/environment/path.sh
[0.551s] -- Up-to-date: /home/soo/turtlebot3_ws/install/turtlebot3_navigation2/share/turtlebot3_navigation2/environment/path.dsv
[0.551s] -- Up-to-date: /home/soo/turtlebot3_ws/install/turtlebot3_navigation2/share/turtlebot3_navigation2/local_setup.bash
[0.551s] -- Up-to-date: /home/soo/turtlebot3_ws/install/turtlebot3_navigation2/share/turtlebot3_navigation2/local_setup.sh
[0.551s] -- Up-to-date: /home/soo/turtlebot3_ws/install/turtlebot3_navigation2/share/turtlebot3_navigation2/local_setup.zsh
[0.551s] -- Up-to-date: /home/soo/turtlebot3_ws/install/turtlebot3_navigation2/share/turtlebot3_navigation2/local_setup.dsv
[0.551s] -- Installing: /home/soo/turtlebot3_ws/install/turtlebot3_navigation2/share/turtlebot3_navigation2/package.dsv
[0.554s] -- Up-to-date: /home/soo/turtlebot3_ws/install/turtlebot3_navigation2/share/ament_index/resource_index/packages/turtlebot3_navigation2
[0.554s] -- Up-to-date: /home/soo/turtlebot3_ws/install/turtlebot3_navigation2/share/turtlebot3_navigation2/cmake/turtlebot3_navigation2Config.cmake
[0.554s] -- Up-to-date: /home/soo/turtlebot3_ws/install/turtlebot3_navigation2/share/turtlebot3_navigation2/cmake/turtlebot3_navigation2Config-version.cmake
[0.554s] -- Up-to-date: /home/soo/turtlebot3_ws/install/turtlebot3_navigation2/share/turtlebot3_navigation2/package.xml
[0.608s] Invoked command in '/home/soo/turtlebot3_ws/build/turtlebot3_navigation2' returned '0': CMAKE_PREFIX_PATH=${CMAKE_PREFIX_PATH}:/home/soo/turtlebot3_ws/install/turtlebot3_teleop:/home/soo/turtlebot3_ws/install/turtlebot3_example:/home/soo/turtlebot3_ws/install/my_package:/opt/ros/humble /usr/bin/cmake --install /home/soo/turtlebot3_ws/build/turtlebot3_navigation2
