[0.022s] Invoking command in '/home/soo/turtlebot3_ws/build/turtlebot3_description': CMAKE_PREFIX_PATH=/opt/ros/humble /usr/bin/cmake /home/soo/turtlebot3_ws/src/turtlebot3/turtlebot3_description -DCMAKE_INSTALL_PREFIX=/home/soo/turtlebot3_ws/install/turtlebot3_description
[0.265s] -- The C compiler identification is GNU 11.4.0
[0.265s] -- The CXX compiler identification is GNU 11.4.0
[0.265s] -- Detecting C compiler ABI info
[0.320s] -- Detecting C compiler ABI info - done
[0.326s] -- Check for working C compiler: /usr/bin/cc - skipped
[0.327s] -- Detecting C compile features
[0.327s] -- Detecting C compile features - done
[0.330s] -- Detecting CXX compiler ABI info
[0.398s] -- Detecting CXX compiler ABI info - done
[0.407s] -- Check for working CXX compiler: /usr/bin/c++ - skipped
[0.407s] -- Detecting CXX compile features
[0.407s] -- Detecting CXX compile features - done
[0.411s] -- Found ament_cmake: 1.3.11 (/opt/ros/humble/share/ament_cmake/cmake)
[0.532s] -- Found Python3: /usr/bin/python3 (found version "3.10.12") found components: Interpreter 
[0.640s] -- Found urdf: 2.6.1 (/opt/ros/humble/share/urdf/cmake)
[0.781s] -- Configuring done
[0.783s] -- Generating done
[0.784s] -- Build files have been written to: /home/soo/turtlebot3_ws/build/turtlebot3_description
[0.824s] Invoked command in '/home/soo/turtlebot3_ws/build/turtlebot3_description' returned '0': CMAKE_PREFIX_PATH=/opt/ros/humble /usr/bin/cmake /home/soo/turtlebot3_ws/src/turtlebot3/turtlebot3_description -DCMAKE_INSTALL_PREFIX=/home/soo/turtlebot3_ws/install/turtlebot3_description
[0.825s] Invoking command in '/home/soo/turtlebot3_ws/build/turtlebot3_description': CMAKE_PREFIX_PATH=/opt/ros/humble /usr/bin/cmake --build /home/soo/turtlebot3_ws/build/turtlebot3_description -- -j16 -l16
[0.856s] Invoked command in '/home/soo/turtlebot3_ws/build/turtlebot3_description' returned '0': CMAKE_PREFIX_PATH=/opt/ros/humble /usr/bin/cmake --build /home/soo/turtlebot3_ws/build/turtlebot3_description -- -j16 -l16
[0.858s] Invoking command in '/home/soo/turtlebot3_ws/build/turtlebot3_description': CMAKE_PREFIX_PATH=/opt/ros/humble /usr/bin/cmake --install /home/soo/turtlebot3_ws/build/turtlebot3_description
[0.864s] -- Install configuration: ""
[0.864s] -- Installing: /home/soo/turtlebot3_ws/install/turtlebot3_description/share/turtlebot3_description/meshes
[0.864s] -- Installing: /home/soo/turtlebot3_ws/install/turtlebot3_description/share/turtlebot3_description/meshes/bases
[0.864s] -- Installing: /home/soo/turtlebot3_ws/install/turtlebot3_description/share/turtlebot3_description/meshes/bases/burger_base.stl
[0.868s] -- Installing: /home/soo/turtlebot3_ws/install/turtlebot3_description/share/turtlebot3_description/meshes/bases/waffle_base.stl
[0.880s] -- Installing: /home/soo/turtlebot3_ws/install/turtlebot3_description/share/turtlebot3_description/meshes/bases/waffle_pi_base.stl
[0.885s] -- Installing: /home/soo/turtlebot3_ws/install/turtlebot3_description/share/turtlebot3_description/meshes/sensors
[0.885s] -- Installing: /home/soo/turtlebot3_ws/install/turtlebot3_description/share/turtlebot3_description/meshes/sensors/r200.dae
[0.885s] -- Installing: /home/soo/turtlebot3_ws/install/turtlebot3_description/share/turtlebot3_description/meshes/sensors/r200.jpg
[0.885s] -- Installing: /home/soo/turtlebot3_ws/install/turtlebot3_description/share/turtlebot3_description/meshes/sensors/lds.stl
[0.886s] -- Installing: /home/soo/turtlebot3_ws/install/turtlebot3_description/share/turtlebot3_description/meshes/sensors/astra.jpg
[0.886s] -- Installing: /home/soo/turtlebot3_ws/install/turtlebot3_description/share/turtlebot3_description/meshes/sensors/astra.dae
[0.892s] -- Installing: /home/soo/turtlebot3_ws/install/turtlebot3_description/share/turtlebot3_description/meshes/wheels
[0.892s] -- Installing: /home/soo/turtlebot3_ws/install/turtlebot3_description/share/turtlebot3_description/meshes/wheels/right_tire.stl
[0.893s] -- Installing: /home/soo/turtlebot3_ws/install/turtlebot3_description/share/turtlebot3_description/meshes/wheels/left_tire.stl
[0.894s] -- Installing: /home/soo/turtlebot3_ws/install/turtlebot3_description/share/turtlebot3_description/rviz
[0.894s] -- Installing: /home/soo/turtlebot3_ws/install/turtlebot3_description/share/turtlebot3_description/rviz/model.rviz
[0.894s] -- Installing: /home/soo/turtlebot3_ws/install/turtlebot3_description/share/turtlebot3_description/urdf
[0.894s] -- Installing: /home/soo/turtlebot3_ws/install/turtlebot3_description/share/turtlebot3_description/urdf/common_properties.urdf
[0.894s] -- Installing: /home/soo/turtlebot3_ws/install/turtlebot3_description/share/turtlebot3_description/urdf/turtlebot3_waffle.urdf
[0.894s] -- Installing: /home/soo/turtlebot3_ws/install/turtlebot3_description/share/turtlebot3_description/urdf/turtlebot3_waffle_pi.urdf
[0.894s] -- Installing: /home/soo/turtlebot3_ws/install/turtlebot3_description/share/turtlebot3_description/urdf/turtlebot3_burger.urdf
[0.894s] -- Installing: /home/soo/turtlebot3_ws/install/turtlebot3_description/share/ament_index/resource_index/package_run_dependencies/turtlebot3_description
[0.895s] -- Installing: /home/soo/turtlebot3_ws/install/turtlebot3_description/share/ament_index/resource_index/parent_prefix_path/turtlebot3_description
[0.895s] -- Installing: /home/soo/turtlebot3_ws/install/turtlebot3_description/share/turtlebot3_description/environment/ament_prefix_path.sh
[0.895s] -- Installing: /home/soo/turtlebot3_ws/install/turtlebot3_description/share/turtlebot3_description/environment/ament_prefix_path.dsv
[0.895s] -- Installing: /home/soo/turtlebot3_ws/install/turtlebot3_description/share/turtlebot3_description/environment/path.sh
[0.895s] -- Installing: /home/soo/turtlebot3_ws/install/turtlebot3_description/share/turtlebot3_description/environment/path.dsv
[0.895s] -- Installing: /home/soo/turtlebot3_ws/install/turtlebot3_description/share/turtlebot3_description/local_setup.bash
[0.895s] -- Installing: /home/soo/turtlebot3_ws/install/turtlebot3_description/share/turtlebot3_description/local_setup.sh
[0.895s] -- Installing: /home/soo/turtlebot3_ws/install/turtlebot3_description/share/turtlebot3_description/local_setup.zsh
[0.895s] -- Installing: /home/soo/turtlebot3_ws/install/turtlebot3_description/share/turtlebot3_description/local_setup.dsv
[0.896s] -- Installing: /home/soo/turtlebot3_ws/install/turtlebot3_description/share/turtlebot3_description/package.dsv
[0.896s] -- Installing: /home/soo/turtlebot3_ws/install/turtlebot3_description/share/ament_index/resource_index/packages/turtlebot3_description
[0.896s] -- Installing: /home/soo/turtlebot3_ws/install/turtlebot3_description/share/turtlebot3_description/cmake/turtlebot3_descriptionConfig.cmake
[0.896s] -- Installing: /home/soo/turtlebot3_ws/install/turtlebot3_description/share/turtlebot3_description/cmake/turtlebot3_descriptionConfig-version.cmake
[0.896s] -- Installing: /home/soo/turtlebot3_ws/install/turtlebot3_description/share/turtlebot3_description/package.xml
[0.898s] Invoked command in '/home/soo/turtlebot3_ws/build/turtlebot3_description' returned '0': CMAKE_PREFIX_PATH=/opt/ros/humble /usr/bin/cmake --install /home/soo/turtlebot3_ws/build/turtlebot3_description
