/home/soo/turtlebot3_ws/install/my_package/lib/python3.10/site-packages/my_package/1_0capture_image.py
/home/soo/turtlebot3_ws/install/my_package/lib/python3.10/site-packages/my_package/yolo_h_to_x_w_to_z.py
/home/soo/turtlebot3_ws/install/my_package/lib/python3.10/site-packages/my_package/gazebo_follow_yolo_pub.py
/home/soo/turtlebot3_ws/install/my_package/lib/python3.10/site-packages/my_package/__init__.py
/home/soo/turtlebot3_ws/install/my_package/lib/python3.10/site-packages/my_package/flask_gazebocam_webcam.py
/home/soo/turtlebot3_ws/install/my_package/lib/python3.10/site-packages/my_package/__pycache__/1_0capture_image.cpython-310.pyc
/home/soo/turtlebot3_ws/install/my_package/lib/python3.10/site-packages/my_package/__pycache__/yolo_h_to_x_w_to_z.cpython-310.pyc
/home/soo/turtlebot3_ws/install/my_package/lib/python3.10/site-packages/my_package/__pycache__/gazebo_follow_yolo_pub.cpython-310.pyc
/home/soo/turtlebot3_ws/install/my_package/lib/python3.10/site-packages/my_package/__pycache__/__init__.cpython-310.pyc
/home/soo/turtlebot3_ws/install/my_package/lib/python3.10/site-packages/my_package/__pycache__/flask_gazebocam_webcam.cpython-310.pyc
/home/soo/turtlebot3_ws/install/my_package/share/ament_index/resource_index/packages/my_package
/home/soo/turtlebot3_ws/install/my_package/share/my_package/package.xml
/home/soo/turtlebot3_ws/install/my_package/lib/python3.10/site-packages/my_package-0.0.0-py3.10.egg-info/zip-safe
/home/soo/turtlebot3_ws/install/my_package/lib/python3.10/site-packages/my_package-0.0.0-py3.10.egg-info/SOURCES.txt
/home/soo/turtlebot3_ws/install/my_package/lib/python3.10/site-packages/my_package-0.0.0-py3.10.egg-info/dependency_links.txt
/home/soo/turtlebot3_ws/install/my_package/lib/python3.10/site-packages/my_package-0.0.0-py3.10.egg-info/entry_points.txt
/home/soo/turtlebot3_ws/install/my_package/lib/python3.10/site-packages/my_package-0.0.0-py3.10.egg-info/PKG-INFO
/home/soo/turtlebot3_ws/install/my_package/lib/python3.10/site-packages/my_package-0.0.0-py3.10.egg-info/top_level.txt
/home/soo/turtlebot3_ws/install/my_package/lib/python3.10/site-packages/my_package-0.0.0-py3.10.egg-info/requires.txt
/home/soo/turtlebot3_ws/install/my_package/lib/my_package/capture_image
/home/soo/turtlebot3_ws/install/my_package/lib/my_package/flask
/home/soo/turtlebot3_ws/install/my_package/lib/my_package/yolo
